2022-10-10 08:05:57 [background-preinit] INFO  o.h.validator.internal.util.Version - HV000001: Hibernate Validator 6.2.5.Final
2022-10-10 08:05:57 [main] INFO  c.m.demo.config.server.ConfigServer - Starting ConfigServer using Java 11.0.11 on MacBook-Pro-de-Gilles.local with PID 16429 (/Users/gillescedric/Documents/Formations/EVENT-DRIVEN MICROSERVICES/microvervices-demo/config-server/target/classes started by gillescedric in /Users/gillescedric/Documents/Formations/EVENT-DRIVEN MICROSERVICES/microvervices-demo)
2022-10-10 08:05:57 [main] INFO  c.m.demo.config.server.ConfigServer - No active profile set, falling back to 1 default profile: "default"
2022-10-10 08:05:58 [main] INFO  o.s.cloud.context.scope.GenericScope - BeanFactory id=c97c7c0e-45e5-37ee-adac-9202d05b0cd6
2022-10-10 08:05:59 [main] INFO  c.u.j.c.EnableEncryptablePropertiesBeanFactoryPostProcessor - Post-processing PropertySource instances
2022-10-10 08:05:59 [main] INFO  c.u.j.EncryptablePropertySourceConverter - Skipping PropertySource configurationProperties [class org.springframework.boot.context.properties.source.ConfigurationPropertySourcesPropertySource
2022-10-10 08:05:59 [main] INFO  c.u.j.EncryptablePropertySourceConverter - Skipping PropertySource servletConfigInitParams [class org.springframework.core.env.PropertySource$StubPropertySource
2022-10-10 08:05:59 [main] INFO  c.u.j.EncryptablePropertySourceConverter - Skipping PropertySource servletContextInitParams [class org.springframework.core.env.PropertySource$StubPropertySource
2022-10-10 08:05:59 [main] INFO  c.u.j.EncryptablePropertySourceConverter - Converting PropertySource systemProperties [org.springframework.core.env.PropertiesPropertySource] to EncryptableMapPropertySourceWrapper
2022-10-10 08:05:59 [main] INFO  c.u.j.EncryptablePropertySourceConverter - Converting PropertySource systemEnvironment [org.springframework.boot.env.SystemEnvironmentPropertySourceEnvironmentPostProcessor$OriginAwareSystemEnvironmentPropertySource] to EncryptableSystemEnvironmentPropertySourceWrapper
2022-10-10 08:05:59 [main] INFO  c.u.j.EncryptablePropertySourceConverter - Converting PropertySource random [org.springframework.boot.env.RandomValuePropertySource] to EncryptablePropertySourceWrapper
2022-10-10 08:05:59 [main] INFO  c.u.j.EncryptablePropertySourceConverter - Converting PropertySource cachedrandom [org.springframework.cloud.util.random.CachedRandomPropertySource] to EncryptablePropertySourceWrapper
2022-10-10 08:05:59 [main] INFO  c.u.j.EncryptablePropertySourceConverter - Converting PropertySource configServerClient [org.springframework.core.env.MapPropertySource] to EncryptableMapPropertySourceWrapper
2022-10-10 08:05:59 [main] INFO  c.u.j.EncryptablePropertySourceConverter - Converting PropertySource springCloudClientHostInfo [org.springframework.core.env.MapPropertySource] to EncryptableMapPropertySourceWrapper
2022-10-10 08:05:59 [main] INFO  c.u.j.EncryptablePropertySourceConverter - Converting PropertySource Config resource 'class path resource [application.yml]' via location 'optional:classpath:/' [org.springframework.boot.env.OriginTrackedMapPropertySource] to EncryptableMapPropertySourceWrapper
2022-10-10 08:05:59 [main] INFO  c.u.j.f.DefaultLazyPropertyFilter - Property Filter custom Bean not found with name 'encryptablePropertyFilter'. Initializing Default Property Filter
2022-10-10 08:05:59 [main] INFO  o.s.b.w.e.tomcat.TomcatWebServer - Tomcat initialized with port(s): 8888 (http)
2022-10-10 08:05:59 [main] INFO  o.a.coyote.http11.Http11NioProtocol - Initializing ProtocolHandler ["http-nio-8888"]
2022-10-10 08:05:59 [main] INFO  o.a.catalina.core.StandardService - Starting service [Tomcat]
2022-10-10 08:05:59 [main] INFO  o.a.catalina.core.StandardEngine - Starting Servlet engine: [Apache Tomcat/9.0.65]
2022-10-10 08:05:59 [main] INFO  o.a.c.c.C.[Tomcat].[localhost].[/] - Initializing Spring embedded WebApplicationContext
2022-10-10 08:05:59 [main] INFO  o.s.b.w.s.c.ServletWebServerApplicationContext - Root WebApplicationContext: initialization completed in 1640 ms
2022-10-10 08:05:59 [main] INFO  c.u.j.r.DefaultLazyPropertyResolver - Property Resolver custom Bean not found with name 'encryptablePropertyResolver'. Initializing Default Property Resolver
2022-10-10 08:05:59 [main] INFO  c.u.j.d.DefaultLazyPropertyDetector - Property Detector custom Bean not found with name 'encryptablePropertyDetector'. Initializing Default Property Detector
2022-10-10 08:05:59 [main] INFO  o.s.s.web.DefaultSecurityFilterChain - Will secure any request with [org.springframework.security.web.session.DisableEncodeUrlFilter@4602f874, org.springframework.security.web.context.request.async.WebAsyncManagerIntegrationFilter@7739aac4, org.springframework.security.web.context.SecurityContextPersistenceFilter@3e6ec74, org.springframework.security.web.header.HeaderWriterFilter@6f91fbda, org.springframework.security.web.csrf.CsrfFilter@51e7589f, org.springframework.security.web.authentication.logout.LogoutFilter@22791b75, org.springframework.security.web.authentication.UsernamePasswordAuthenticationFilter@6889f56f, org.springframework.security.web.authentication.ui.DefaultLoginPageGeneratingFilter@6629643d, org.springframework.security.web.authentication.ui.DefaultLogoutPageGeneratingFilter@353c6da1, org.springframework.security.web.authentication.www.BasicAuthenticationFilter@5cff729b, org.springframework.security.web.savedrequest.RequestCacheAwareFilter@6d7ad0f5, org.springframework.security.web.servletapi.SecurityContextHolderAwareRequestFilter@30abf79c, org.springframework.security.web.authentication.AnonymousAuthenticationFilter@36c07c75, org.springframework.security.web.session.SessionManagementFilter@4ffced4e, org.springframework.security.web.access.ExceptionTranslationFilter@37c7766e, org.springframework.security.web.access.intercept.FilterSecurityInterceptor@5fb3111a]
2022-10-10 08:06:01 [main] INFO  o.a.coyote.http11.Http11NioProtocol - Starting ProtocolHandler ["http-nio-8888"]
2022-10-10 08:06:01 [main] INFO  o.s.b.w.e.tomcat.TomcatWebServer - Tomcat started on port(s): 8888 (http) with context path ''
2022-10-10 08:06:01 [main] INFO  c.u.j.c.RefreshScopeRefreshedEventListener - Refreshing cached encryptable property sources on ServletWebServerInitializedEvent
2022-10-10 08:06:01 [main] INFO  c.u.j.c.CachingDelegateEncryptablePropertySource - Property Source systemProperties refreshed
2022-10-10 08:06:01 [main] INFO  c.u.j.c.CachingDelegateEncryptablePropertySource - Property Source systemEnvironment refreshed
2022-10-10 08:06:01 [main] INFO  c.u.j.c.CachingDelegateEncryptablePropertySource - Property Source random refreshed
2022-10-10 08:06:01 [main] INFO  c.u.j.c.CachingDelegateEncryptablePropertySource - Property Source cachedrandom refreshed
2022-10-10 08:06:01 [main] INFO  c.u.j.c.CachingDelegateEncryptablePropertySource - Property Source configServerClient refreshed
2022-10-10 08:06:01 [main] INFO  c.u.j.c.CachingDelegateEncryptablePropertySource - Property Source springCloudClientHostInfo refreshed
2022-10-10 08:06:01 [main] INFO  c.u.j.c.CachingDelegateEncryptablePropertySource - Property Source Config resource 'class path resource [application.yml]' via location 'optional:classpath:/' refreshed
2022-10-10 08:06:01 [main] INFO  c.u.j.EncryptablePropertySourceConverter - Converting PropertySource server.ports [org.springframework.core.env.MapPropertySource] to EncryptableMapPropertySourceWrapper
2022-10-10 08:06:01 [main] INFO  c.u.j.EncryptablePropertySourceConverter - Skipping PropertySource configurationProperties [class org.springframework.boot.context.properties.source.ConfigurationPropertySourcesPropertySource
2022-10-10 08:06:01 [main] INFO  c.u.j.EncryptablePropertySourceConverter - Skipping PropertySource servletConfigInitParams [class org.springframework.core.env.PropertySource$StubPropertySource
2022-10-10 08:06:01 [main] INFO  c.u.j.EncryptablePropertySourceConverter - Converting PropertySource servletContextInitParams [org.springframework.web.context.support.ServletContextPropertySource] to EncryptableEnumerablePropertySourceWrapper
2022-10-10 08:06:01 [main] INFO  c.m.demo.config.server.ConfigServer - Started ConfigServer in 4.774 seconds (JVM running for 5.79)
2022-10-10 08:06:50 [http-nio-8888-exec-1] INFO  o.a.c.c.C.[Tomcat].[localhost].[/] - Initializing Spring DispatcherServlet 'dispatcherServlet'
2022-10-10 08:06:50 [http-nio-8888-exec-1] INFO  o.s.web.servlet.DispatcherServlet - Initializing Servlet 'dispatcherServlet'
2022-10-10 08:06:50 [http-nio-8888-exec-1] INFO  o.s.web.servlet.DispatcherServlet - Completed initialization in 1 ms
2022-10-10 08:09:44 [http-nio-8888-exec-10] INFO  o.s.c.c.s.e.NativeEnvironmentRepository - Adding property source: Config resource 'file [/var/folders/7s/f7nqr7zx6f9d7vcfxnfy2lt40000gn/T/config-repo-7558451554003553423/config-client-twitter_to_kafka.yml]' via location 'file:/var/folders/7s/f7nqr7zx6f9d7vcfxnfy2lt40000gn/T/config-repo-7558451554003553423/'
2022-10-10 08:09:44 [http-nio-8888-exec-10] INFO  o.s.c.c.s.e.NativeEnvironmentRepository - Adding property source: Config resource 'file [/var/folders/7s/f7nqr7zx6f9d7vcfxnfy2lt40000gn/T/config-repo-7558451554003553423/config-client.yml]' via location 'file:/var/folders/7s/f7nqr7zx6f9d7vcfxnfy2lt40000gn/T/config-repo-7558451554003553423/'
2022-10-10 08:12:46 [http-nio-8888-exec-3] INFO  o.s.c.c.s.e.NativeEnvironmentRepository - Adding property source: Config resource 'file [/var/folders/7s/f7nqr7zx6f9d7vcfxnfy2lt40000gn/T/config-repo-7558451554003553423/config-client-twitter_to_kafka.yml]' via location 'file:/var/folders/7s/f7nqr7zx6f9d7vcfxnfy2lt40000gn/T/config-repo-7558451554003553423/'
2022-10-10 08:12:46 [http-nio-8888-exec-3] INFO  o.s.c.c.s.e.NativeEnvironmentRepository - Adding property source: Config resource 'file [/var/folders/7s/f7nqr7zx6f9d7vcfxnfy2lt40000gn/T/config-repo-7558451554003553423/config-client.yml]' via location 'file:/var/folders/7s/f7nqr7zx6f9d7vcfxnfy2lt40000gn/T/config-repo-7558451554003553423/'
