2022-10-12 11:00:32 [background-preinit] INFO  o.h.validator.internal.util.Version - HV000001: Hibernate Validator 6.2.5.Final
2022-10-12 11:00:32 [main] INFO  c.m.demo.config.server.ConfigServer - Starting ConfigServer using Java 11.0.11 on MacBook-Pro-de-Gilles.local with PID 17994 (/Users/gillescedric/Documents/Formations/EVENT-DRIVEN MICROSERVICES/microvervices-demo/config-server/target/classes started by gillescedric in /Users/gillescedric/Documents/Formations/EVENT-DRIVEN MICROSERVICES/microvervices-demo)
2022-10-12 11:00:32 [main] INFO  c.m.demo.config.server.ConfigServer - No active profile set, falling back to 1 default profile: "default"
2022-10-12 11:00:33 [main] INFO  o.s.cloud.context.scope.GenericScope - BeanFactory id=a873e672-d4db-3287-9e1b-0f62c943b4bb
2022-10-12 11:00:33 [main] INFO  o.s.b.w.e.tomcat.TomcatWebServer - Tomcat initialized with port(s): 8888 (http)
2022-10-12 11:00:33 [main] INFO  o.a.coyote.http11.Http11NioProtocol - Initializing ProtocolHandler ["http-nio-8888"]
2022-10-12 11:00:33 [main] INFO  o.a.catalina.core.StandardService - Starting service [Tomcat]
2022-10-12 11:00:33 [main] INFO  o.a.catalina.core.StandardEngine - Starting Servlet engine: [Apache Tomcat/9.0.65]
2022-10-12 11:00:33 [main] INFO  o.a.c.c.C.[Tomcat].[localhost].[/] - Initializing Spring embedded WebApplicationContext
2022-10-12 11:00:33 [main] INFO  o.s.b.w.s.c.ServletWebServerApplicationContext - Root WebApplicationContext: initialization completed in 1523 ms
2022-10-12 11:00:34 [main] WARN  o.s.s.c.a.web.builders.WebSecurity - You are asking Spring Security to ignore Ant [pattern='/encrypt/**']. This is not recommended -- please use permitAll via HttpSecurity#authorizeHttpRequests instead.
2022-10-12 11:00:34 [main] INFO  o.s.s.web.DefaultSecurityFilterChain - Will not secure Ant [pattern='/encrypt/**']
2022-10-12 11:00:34 [main] WARN  o.s.s.c.a.web.builders.WebSecurity - You are asking Spring Security to ignore Ant [pattern='/decrypt/**']. This is not recommended -- please use permitAll via HttpSecurity#authorizeHttpRequests instead.
2022-10-12 11:00:34 [main] INFO  o.s.s.web.DefaultSecurityFilterChain - Will not secure Ant [pattern='/decrypt/**']
2022-10-12 11:00:34 [main] WARN  o.s.s.c.a.web.builders.WebSecurity - You are asking Spring Security to ignore Ant [pattern='/actuator/**']. This is not recommended -- please use permitAll via HttpSecurity#authorizeHttpRequests instead.
2022-10-12 11:00:34 [main] INFO  o.s.s.web.DefaultSecurityFilterChain - Will not secure Ant [pattern='/actuator/**']
2022-10-12 11:00:34 [main] INFO  o.s.s.web.DefaultSecurityFilterChain - Will secure any request with [org.springframework.security.web.session.DisableEncodeUrlFilter@d2708a7, org.springframework.security.web.context.request.async.WebAsyncManagerIntegrationFilter@508ad266, org.springframework.security.web.context.SecurityContextPersistenceFilter@35025a0a, org.springframework.security.web.header.HeaderWriterFilter@611d0763, org.springframework.security.web.csrf.CsrfFilter@601d6622, org.springframework.security.web.authentication.logout.LogoutFilter@6da54910, org.springframework.security.web.authentication.UsernamePasswordAuthenticationFilter@578a5ce8, org.springframework.security.web.authentication.ui.DefaultLoginPageGeneratingFilter@33ec2c0c, org.springframework.security.web.authentication.ui.DefaultLogoutPageGeneratingFilter@2313db84, org.springframework.security.web.authentication.www.BasicAuthenticationFilter@45037e16, org.springframework.security.web.savedrequest.RequestCacheAwareFilter@7c70aae1, org.springframework.security.web.servletapi.SecurityContextHolderAwareRequestFilter@7c588adc, org.springframework.security.web.authentication.AnonymousAuthenticationFilter@216372b7, org.springframework.security.web.session.SessionManagementFilter@1e226bcd, org.springframework.security.web.access.ExceptionTranslationFilter@1f916219, org.springframework.security.web.access.intercept.FilterSecurityInterceptor@16d431b4]
2022-10-12 11:00:35 [main] INFO  o.a.coyote.http11.Http11NioProtocol - Starting ProtocolHandler ["http-nio-8888"]
2022-10-12 11:00:35 [main] INFO  o.s.b.w.e.tomcat.TomcatWebServer - Tomcat started on port(s): 8888 (http) with context path ''
2022-10-12 11:00:35 [main] INFO  c.m.demo.config.server.ConfigServer - Started ConfigServer in 4.625 seconds (JVM running for 5.869)
2022-10-12 11:00:52 [http-nio-8888-exec-1] INFO  o.a.c.c.C.[Tomcat].[localhost].[/] - Initializing Spring DispatcherServlet 'dispatcherServlet'
2022-10-12 11:00:52 [http-nio-8888-exec-1] INFO  o.s.web.servlet.DispatcherServlet - Initializing Servlet 'dispatcherServlet'
2022-10-12 11:00:52 [http-nio-8888-exec-1] INFO  o.s.web.servlet.DispatcherServlet - Completed initialization in 1 ms
2022-10-12 11:00:53 [http-nio-8888-exec-1] INFO  o.s.c.c.s.e.NativeEnvironmentRepository - Adding property source: Config resource 'file [/var/folders/7s/f7nqr7zx6f9d7vcfxnfy2lt40000gn/T/config-repo-805471202168025885/config-client-twitter_to_kafka.yml]' via location 'file:/var/folders/7s/f7nqr7zx6f9d7vcfxnfy2lt40000gn/T/config-repo-805471202168025885/'
2022-10-12 11:00:53 [http-nio-8888-exec-1] INFO  o.s.c.c.s.e.NativeEnvironmentRepository - Adding property source: Config resource 'file [/var/folders/7s/f7nqr7zx6f9d7vcfxnfy2lt40000gn/T/config-repo-805471202168025885/config-client.yml]' via location 'file:/var/folders/7s/f7nqr7zx6f9d7vcfxnfy2lt40000gn/T/config-repo-805471202168025885/'
2022-10-12 11:01:36 [http-nio-8888-exec-2] INFO  o.s.c.c.s.e.NativeEnvironmentRepository - Adding property source: Config resource 'file [/var/folders/7s/f7nqr7zx6f9d7vcfxnfy2lt40000gn/T/config-repo-805471202168025885/config-client-kafka_to_elastic.yml]' via location 'file:/var/folders/7s/f7nqr7zx6f9d7vcfxnfy2lt40000gn/T/config-repo-805471202168025885/'
2022-10-12 11:01:36 [http-nio-8888-exec-2] INFO  o.s.c.c.s.e.NativeEnvironmentRepository - Adding property source: Config resource 'file [/var/folders/7s/f7nqr7zx6f9d7vcfxnfy2lt40000gn/T/config-repo-805471202168025885/config-client.yml]' via location 'file:/var/folders/7s/f7nqr7zx6f9d7vcfxnfy2lt40000gn/T/config-repo-805471202168025885/'
2022-10-12 11:07:49 [http-nio-8888-exec-5] INFO  o.s.c.c.s.e.MultipleJGitEnvironmentRepository - Fetched for remote main and found 1 updates
2022-10-12 11:07:49 [http-nio-8888-exec-5] INFO  o.s.c.c.s.e.NativeEnvironmentRepository - Adding property source: Config resource 'file [/var/folders/7s/f7nqr7zx6f9d7vcfxnfy2lt40000gn/T/config-repo-805471202168025885/config-client-kafka_to_elastic.yml]' via location 'file:/var/folders/7s/f7nqr7zx6f9d7vcfxnfy2lt40000gn/T/config-repo-805471202168025885/'
2022-10-12 11:07:49 [http-nio-8888-exec-5] INFO  o.s.c.c.s.e.NativeEnvironmentRepository - Adding property source: Config resource 'file [/var/folders/7s/f7nqr7zx6f9d7vcfxnfy2lt40000gn/T/config-repo-805471202168025885/config-client.yml]' via location 'file:/var/folders/7s/f7nqr7zx6f9d7vcfxnfy2lt40000gn/T/config-repo-805471202168025885/'
2022-10-12 11:32:51 [http-nio-8888-exec-7] INFO  o.s.c.c.s.e.MultipleJGitEnvironmentRepository - Fetched for remote main and found 1 updates
2022-10-12 11:32:51 [http-nio-8888-exec-7] INFO  o.s.c.c.s.e.NativeEnvironmentRepository - Adding property source: Config resource 'file [/var/folders/7s/f7nqr7zx6f9d7vcfxnfy2lt40000gn/T/config-repo-805471202168025885/config-client-twitter_to_kafka.yml]' via location 'file:/var/folders/7s/f7nqr7zx6f9d7vcfxnfy2lt40000gn/T/config-repo-805471202168025885/'
2022-10-12 11:32:51 [http-nio-8888-exec-7] INFO  o.s.c.c.s.e.NativeEnvironmentRepository - Adding property source: Config resource 'file [/var/folders/7s/f7nqr7zx6f9d7vcfxnfy2lt40000gn/T/config-repo-805471202168025885/config-client.yml]' via location 'file:/var/folders/7s/f7nqr7zx6f9d7vcfxnfy2lt40000gn/T/config-repo-805471202168025885/'
2022-10-12 11:33:49 [http-nio-8888-exec-8] INFO  o.s.c.c.s.e.NativeEnvironmentRepository - Adding property source: Config resource 'file [/var/folders/7s/f7nqr7zx6f9d7vcfxnfy2lt40000gn/T/config-repo-805471202168025885/config-client-kafka_to_elastic.yml]' via location 'file:/var/folders/7s/f7nqr7zx6f9d7vcfxnfy2lt40000gn/T/config-repo-805471202168025885/'
2022-10-12 11:33:49 [http-nio-8888-exec-8] INFO  o.s.c.c.s.e.NativeEnvironmentRepository - Adding property source: Config resource 'file [/var/folders/7s/f7nqr7zx6f9d7vcfxnfy2lt40000gn/T/config-repo-805471202168025885/config-client.yml]' via location 'file:/var/folders/7s/f7nqr7zx6f9d7vcfxnfy2lt40000gn/T/config-repo-805471202168025885/'
