2022-10-11 07:29:32 [background-preinit] INFO  o.h.validator.internal.util.Version - HV000001: Hibernate Validator 6.2.5.Final
2022-10-11 07:29:32 [main] INFO  c.m.demo.config.server.ConfigServer - Starting ConfigServer using Java 11.0.11 on MacBook-Pro-de-Gilles.local with PID 60762 (/Users/gillescedric/Documents/Formations/EVENT-DRIVEN MICROSERVICES/microvervices-demo/config-server/target/classes started by gillescedric in /Users/gillescedric/Documents/Formations/EVENT-DRIVEN MICROSERVICES/microvervices-demo)
2022-10-11 07:29:32 [main] INFO  c.m.demo.config.server.ConfigServer - No active profile set, falling back to 1 default profile: "default"
2022-10-11 07:29:33 [main] INFO  o.s.cloud.context.scope.GenericScope - BeanFactory id=a873e672-d4db-3287-9e1b-0f62c943b4bb
2022-10-11 07:29:33 [main] INFO  o.s.b.w.e.tomcat.TomcatWebServer - Tomcat initialized with port(s): 8888 (http)
2022-10-11 07:29:33 [main] INFO  o.a.coyote.http11.Http11NioProtocol - Initializing ProtocolHandler ["http-nio-8888"]
2022-10-11 07:29:33 [main] INFO  o.a.catalina.core.StandardService - Starting service [Tomcat]
2022-10-11 07:29:33 [main] INFO  o.a.catalina.core.StandardEngine - Starting Servlet engine: [Apache Tomcat/9.0.65]
2022-10-11 07:29:34 [main] INFO  o.a.c.c.C.[Tomcat].[localhost].[/] - Initializing Spring embedded WebApplicationContext
2022-10-11 07:29:34 [main] INFO  o.s.b.w.s.c.ServletWebServerApplicationContext - Root WebApplicationContext: initialization completed in 1547 ms
2022-10-11 07:29:34 [main] WARN  o.s.s.c.a.web.builders.WebSecurity - You are asking Spring Security to ignore Ant [pattern='/encrypt/**']. This is not recommended -- please use permitAll via HttpSecurity#authorizeHttpRequests instead.
2022-10-11 07:29:34 [main] INFO  o.s.s.web.DefaultSecurityFilterChain - Will not secure Ant [pattern='/encrypt/**']
2022-10-11 07:29:34 [main] WARN  o.s.s.c.a.web.builders.WebSecurity - You are asking Spring Security to ignore Ant [pattern='/decrypt/**']. This is not recommended -- please use permitAll via HttpSecurity#authorizeHttpRequests instead.
2022-10-11 07:29:34 [main] INFO  o.s.s.web.DefaultSecurityFilterChain - Will not secure Ant [pattern='/decrypt/**']
2022-10-11 07:29:34 [main] WARN  o.s.s.c.a.web.builders.WebSecurity - You are asking Spring Security to ignore Ant [pattern='/actuator/**']. This is not recommended -- please use permitAll via HttpSecurity#authorizeHttpRequests instead.
2022-10-11 07:29:34 [main] INFO  o.s.s.web.DefaultSecurityFilterChain - Will not secure Ant [pattern='/actuator/**']
2022-10-11 07:29:34 [main] INFO  o.s.s.web.DefaultSecurityFilterChain - Will secure any request with [org.springframework.security.web.session.DisableEncodeUrlFilter@27a9f025, org.springframework.security.web.context.request.async.WebAsyncManagerIntegrationFilter@71936a92, org.springframework.security.web.context.SecurityContextPersistenceFilter@67acfde9, org.springframework.security.web.header.HeaderWriterFilter@6d69a0d3, org.springframework.security.web.csrf.CsrfFilter@30f28b5, org.springframework.security.web.authentication.logout.LogoutFilter@6ddd1c51, org.springframework.security.web.authentication.UsernamePasswordAuthenticationFilter@285a4fe3, org.springframework.security.web.authentication.ui.DefaultLoginPageGeneratingFilter@7c70aae1, org.springframework.security.web.authentication.ui.DefaultLogoutPageGeneratingFilter@61359e87, org.springframework.security.web.authentication.www.BasicAuthenticationFilter@16cb9989, org.springframework.security.web.savedrequest.RequestCacheAwareFilter@75882261, org.springframework.security.web.servletapi.SecurityContextHolderAwareRequestFilter@38732364, org.springframework.security.web.authentication.AnonymousAuthenticationFilter@2dc39b53, org.springframework.security.web.session.SessionManagementFilter@257f30f7, org.springframework.security.web.access.ExceptionTranslationFilter@391d1e33, org.springframework.security.web.access.intercept.FilterSecurityInterceptor@350da119]
2022-10-11 07:29:36 [main] INFO  o.a.coyote.http11.Http11NioProtocol - Starting ProtocolHandler ["http-nio-8888"]
2022-10-11 07:29:36 [main] INFO  o.s.b.w.e.tomcat.TomcatWebServer - Tomcat started on port(s): 8888 (http) with context path ''
2022-10-11 07:29:36 [main] INFO  c.m.demo.config.server.ConfigServer - Started ConfigServer in 4.666 seconds (JVM running for 5.741)
2022-10-11 07:29:48 [http-nio-8888-exec-1] INFO  o.a.c.c.C.[Tomcat].[localhost].[/] - Initializing Spring DispatcherServlet 'dispatcherServlet'
2022-10-11 07:29:48 [http-nio-8888-exec-1] INFO  o.s.web.servlet.DispatcherServlet - Initializing Servlet 'dispatcherServlet'
2022-10-11 07:29:48 [http-nio-8888-exec-1] INFO  o.s.web.servlet.DispatcherServlet - Completed initialization in 1 ms
2022-10-11 07:29:49 [http-nio-8888-exec-1] INFO  o.s.c.c.s.e.NativeEnvironmentRepository - Adding property source: Config resource 'file [/var/folders/7s/f7nqr7zx6f9d7vcfxnfy2lt40000gn/T/config-repo-1788545477198287036/config-client-twitter_to_kafka.yml]' via location 'file:/var/folders/7s/f7nqr7zx6f9d7vcfxnfy2lt40000gn/T/config-repo-1788545477198287036/'
2022-10-11 07:29:49 [http-nio-8888-exec-1] INFO  o.s.c.c.s.e.NativeEnvironmentRepository - Adding property source: Config resource 'file [/var/folders/7s/f7nqr7zx6f9d7vcfxnfy2lt40000gn/T/config-repo-1788545477198287036/config-client.yml]' via location 'file:/var/folders/7s/f7nqr7zx6f9d7vcfxnfy2lt40000gn/T/config-repo-1788545477198287036/'
2022-10-11 07:33:04 [http-nio-8888-exec-3] INFO  o.s.c.c.s.e.NativeEnvironmentRepository - Adding property source: Config resource 'file [/var/folders/7s/f7nqr7zx6f9d7vcfxnfy2lt40000gn/T/config-repo-1788545477198287036/config-client-twitter_to_kafka.yml]' via location 'file:/var/folders/7s/f7nqr7zx6f9d7vcfxnfy2lt40000gn/T/config-repo-1788545477198287036/'
2022-10-11 07:33:04 [http-nio-8888-exec-3] INFO  o.s.c.c.s.e.NativeEnvironmentRepository - Adding property source: Config resource 'file [/var/folders/7s/f7nqr7zx6f9d7vcfxnfy2lt40000gn/T/config-repo-1788545477198287036/config-client.yml]' via location 'file:/var/folders/7s/f7nqr7zx6f9d7vcfxnfy2lt40000gn/T/config-repo-1788545477198287036/'
2022-10-11 07:44:15 [background-preinit] INFO  o.h.validator.internal.util.Version - HV000001: Hibernate Validator 6.2.5.Final
2022-10-11 07:44:15 [main] INFO  c.m.demo.config.server.ConfigServer - Starting ConfigServer using Java 11.0.11 on MacBook-Pro-de-Gilles.local with PID 66402 (/Users/gillescedric/Documents/Formations/EVENT-DRIVEN MICROSERVICES/microvervices-demo/config-server/target/classes started by gillescedric in /Users/gillescedric/Documents/Formations/EVENT-DRIVEN MICROSERVICES/microvervices-demo)
2022-10-11 07:44:15 [main] INFO  c.m.demo.config.server.ConfigServer - No active profile set, falling back to 1 default profile: "default"
2022-10-11 07:44:16 [main] INFO  o.s.cloud.context.scope.GenericScope - BeanFactory id=a873e672-d4db-3287-9e1b-0f62c943b4bb
2022-10-11 07:44:17 [main] INFO  o.s.b.w.e.tomcat.TomcatWebServer - Tomcat initialized with port(s): 8888 (http)
2022-10-11 07:44:17 [main] INFO  o.a.coyote.http11.Http11NioProtocol - Initializing ProtocolHandler ["http-nio-8888"]
2022-10-11 07:44:17 [main] INFO  o.a.catalina.core.StandardService - Starting service [Tomcat]
2022-10-11 07:44:17 [main] INFO  o.a.catalina.core.StandardEngine - Starting Servlet engine: [Apache Tomcat/9.0.65]
2022-10-11 07:44:17 [main] INFO  o.a.c.c.C.[Tomcat].[localhost].[/] - Initializing Spring embedded WebApplicationContext
2022-10-11 07:44:17 [main] INFO  o.s.b.w.s.c.ServletWebServerApplicationContext - Root WebApplicationContext: initialization completed in 1506 ms
2022-10-11 07:44:17 [main] WARN  o.s.s.c.a.web.builders.WebSecurity - You are asking Spring Security to ignore Ant [pattern='/encrypt/**']. This is not recommended -- please use permitAll via HttpSecurity#authorizeHttpRequests instead.
2022-10-11 07:44:17 [main] INFO  o.s.s.web.DefaultSecurityFilterChain - Will not secure Ant [pattern='/encrypt/**']
2022-10-11 07:44:17 [main] WARN  o.s.s.c.a.web.builders.WebSecurity - You are asking Spring Security to ignore Ant [pattern='/decrypt/**']. This is not recommended -- please use permitAll via HttpSecurity#authorizeHttpRequests instead.
2022-10-11 07:44:17 [main] INFO  o.s.s.web.DefaultSecurityFilterChain - Will not secure Ant [pattern='/decrypt/**']
2022-10-11 07:44:17 [main] WARN  o.s.s.c.a.web.builders.WebSecurity - You are asking Spring Security to ignore Ant [pattern='/actuator/**']. This is not recommended -- please use permitAll via HttpSecurity#authorizeHttpRequests instead.
2022-10-11 07:44:17 [main] INFO  o.s.s.web.DefaultSecurityFilterChain - Will not secure Ant [pattern='/actuator/**']
2022-10-11 07:44:17 [main] INFO  o.s.s.web.DefaultSecurityFilterChain - Will secure any request with [org.springframework.security.web.session.DisableEncodeUrlFilter@3dfd6220, org.springframework.security.web.context.request.async.WebAsyncManagerIntegrationFilter@3815146b, org.springframework.security.web.context.SecurityContextPersistenceFilter@257f30f7, org.springframework.security.web.header.HeaderWriterFilter@66f16742, org.springframework.security.web.csrf.CsrfFilter@634f58d2, org.springframework.security.web.authentication.logout.LogoutFilter@4f1afe8f, org.springframework.security.web.authentication.UsernamePasswordAuthenticationFilter@34c7232c, org.springframework.security.web.authentication.ui.DefaultLoginPageGeneratingFilter@2322e56f, org.springframework.security.web.authentication.ui.DefaultLogoutPageGeneratingFilter@6de43bc1, org.springframework.security.web.authentication.www.BasicAuthenticationFilter@61394494, org.springframework.security.web.savedrequest.RequestCacheAwareFilter@1f916219, org.springframework.security.web.servletapi.SecurityContextHolderAwareRequestFilter@2a8dd942, org.springframework.security.web.authentication.AnonymousAuthenticationFilter@27a9f025, org.springframework.security.web.session.SessionManagementFilter@3c54ddec, org.springframework.security.web.access.ExceptionTranslationFilter@261f359f, org.springframework.security.web.access.intercept.FilterSecurityInterceptor@367d34c0]
2022-10-11 07:44:19 [main] INFO  o.a.coyote.http11.Http11NioProtocol - Starting ProtocolHandler ["http-nio-8888"]
2022-10-11 07:44:19 [main] INFO  o.s.b.w.e.tomcat.TomcatWebServer - Tomcat started on port(s): 8888 (http) with context path ''
2022-10-11 07:44:19 [main] INFO  c.m.demo.config.server.ConfigServer - Started ConfigServer in 4.536 seconds (JVM running for 5.541)
2022-10-11 07:44:32 [http-nio-8888-exec-2] INFO  o.a.c.c.C.[Tomcat].[localhost].[/] - Initializing Spring DispatcherServlet 'dispatcherServlet'
2022-10-11 07:44:32 [http-nio-8888-exec-2] INFO  o.s.web.servlet.DispatcherServlet - Initializing Servlet 'dispatcherServlet'
2022-10-11 07:44:32 [http-nio-8888-exec-2] INFO  o.s.web.servlet.DispatcherServlet - Completed initialization in 4 ms
2022-10-11 07:44:32 [http-nio-8888-exec-2] INFO  o.s.c.c.s.e.EncryptionController - Encrypted data
2022-10-11 07:46:27 [http-nio-8888-exec-2] INFO  o.s.c.c.s.e.NativeEnvironmentRepository - Adding property source: Config resource 'file [/var/folders/7s/f7nqr7zx6f9d7vcfxnfy2lt40000gn/T/config-repo-4190905259462538926/config-client-twitter_to_kafka.yml]' via location 'file:/var/folders/7s/f7nqr7zx6f9d7vcfxnfy2lt40000gn/T/config-repo-4190905259462538926/'
2022-10-11 07:46:27 [http-nio-8888-exec-2] INFO  o.s.c.c.s.e.NativeEnvironmentRepository - Adding property source: Config resource 'file [/var/folders/7s/f7nqr7zx6f9d7vcfxnfy2lt40000gn/T/config-repo-4190905259462538926/config-client.yml]' via location 'file:/var/folders/7s/f7nqr7zx6f9d7vcfxnfy2lt40000gn/T/config-repo-4190905259462538926/'
