2022-10-18 11:29:46 [background-preinit] INFO  o.h.validator.internal.util.Version - HV000001: Hibernate Validator 6.2.5.Final
2022-10-18 11:29:46 [main] INFO  c.m.demo.config.server.ConfigServer - Starting ConfigServer using Java 11.0.11 on MacBook-Pro-de-Gilles.local with PID 18493 (/Users/gillescedric/Documents/Formations/EVENT-DRIVEN MICROSERVICES/microvervices-demo/config-server/target/classes started by gillescedric in /Users/gillescedric/Documents/Formations/EVENT-DRIVEN MICROSERVICES/microvervices-demo)
2022-10-18 11:29:46 [main] INFO  c.m.demo.config.server.ConfigServer - No active profile set, falling back to 1 default profile: "default"
2022-10-18 11:29:47 [main] INFO  o.s.cloud.context.scope.GenericScope - BeanFactory id=a873e672-d4db-3287-9e1b-0f62c943b4bb
2022-10-18 11:29:47 [main] INFO  o.s.b.w.e.tomcat.TomcatWebServer - Tomcat initialized with port(s): 8888 (http)
2022-10-18 11:29:47 [main] INFO  o.a.coyote.http11.Http11NioProtocol - Initializing ProtocolHandler ["http-nio-8888"]
2022-10-18 11:29:47 [main] INFO  o.a.catalina.core.StandardService - Starting service [Tomcat]
2022-10-18 11:29:47 [main] INFO  o.a.catalina.core.StandardEngine - Starting Servlet engine: [Apache Tomcat/9.0.65]
2022-10-18 11:29:47 [main] INFO  o.a.c.c.C.[Tomcat].[localhost].[/] - Initializing Spring embedded WebApplicationContext
2022-10-18 11:29:47 [main] INFO  o.s.b.w.s.c.ServletWebServerApplicationContext - Root WebApplicationContext: initialization completed in 1886 ms
2022-10-18 11:29:48 [main] WARN  o.s.s.c.a.web.builders.WebSecurity - You are asking Spring Security to ignore Ant [pattern='/encrypt/**']. This is not recommended -- please use permitAll via HttpSecurity#authorizeHttpRequests instead.
2022-10-18 11:29:48 [main] INFO  o.s.s.web.DefaultSecurityFilterChain - Will not secure Ant [pattern='/encrypt/**']
2022-10-18 11:29:48 [main] WARN  o.s.s.c.a.web.builders.WebSecurity - You are asking Spring Security to ignore Ant [pattern='/decrypt/**']. This is not recommended -- please use permitAll via HttpSecurity#authorizeHttpRequests instead.
2022-10-18 11:29:48 [main] INFO  o.s.s.web.DefaultSecurityFilterChain - Will not secure Ant [pattern='/decrypt/**']
2022-10-18 11:29:48 [main] WARN  o.s.s.c.a.web.builders.WebSecurity - You are asking Spring Security to ignore Ant [pattern='/actuator/**']. This is not recommended -- please use permitAll via HttpSecurity#authorizeHttpRequests instead.
2022-10-18 11:29:48 [main] INFO  o.s.s.web.DefaultSecurityFilterChain - Will not secure Ant [pattern='/actuator/**']
2022-10-18 11:29:48 [main] INFO  o.s.s.web.DefaultSecurityFilterChain - Will secure any request with [org.springframework.security.web.session.DisableEncodeUrlFilter@538a2f0e, org.springframework.security.web.context.request.async.WebAsyncManagerIntegrationFilter@d2708a7, org.springframework.security.web.context.SecurityContextPersistenceFilter@2322e56f, org.springframework.security.web.header.HeaderWriterFilter@75882261, org.springframework.security.web.csrf.CsrfFilter@1118d539, org.springframework.security.web.authentication.logout.LogoutFilter@6544899b, org.springframework.security.web.authentication.UsernamePasswordAuthenticationFilter@61394494, org.springframework.security.web.authentication.ui.DefaultLoginPageGeneratingFilter@7c588adc, org.springframework.security.web.authentication.ui.DefaultLogoutPageGeneratingFilter@508ad266, org.springframework.security.web.authentication.www.BasicAuthenticationFilter@2dc39b53, org.springframework.security.web.savedrequest.RequestCacheAwareFilter@38732364, org.springframework.security.web.servletapi.SecurityContextHolderAwareRequestFilter@3e5beab5, org.springframework.security.web.authentication.AnonymousAuthenticationFilter@2313db84, org.springframework.security.web.session.SessionManagementFilter@615efd1c, org.springframework.security.web.access.ExceptionTranslationFilter@3fde2209, org.springframework.security.web.access.intercept.FilterSecurityInterceptor@1788cb61]
2022-10-18 11:29:50 [main] INFO  o.a.coyote.http11.Http11NioProtocol - Starting ProtocolHandler ["http-nio-8888"]
2022-10-18 11:29:50 [main] INFO  o.s.b.w.e.tomcat.TomcatWebServer - Tomcat started on port(s): 8888 (http) with context path ''
2022-10-18 11:29:50 [main] INFO  c.m.demo.config.server.ConfigServer - Started ConfigServer in 5.351 seconds (JVM running for 6.296)
2022-10-18 11:30:37 [http-nio-8888-exec-1] INFO  o.a.c.c.C.[Tomcat].[localhost].[/] - Initializing Spring DispatcherServlet 'dispatcherServlet'
2022-10-18 11:30:37 [http-nio-8888-exec-1] INFO  o.s.web.servlet.DispatcherServlet - Initializing Servlet 'dispatcherServlet'
2022-10-18 11:30:37 [http-nio-8888-exec-1] INFO  o.s.web.servlet.DispatcherServlet - Completed initialization in 4 ms
2022-10-18 11:30:38 [http-nio-8888-exec-1] INFO  o.s.c.c.s.e.NativeEnvironmentRepository - Adding property source: Config resource 'file [/var/folders/7s/f7nqr7zx6f9d7vcfxnfy2lt40000gn/T/config-repo-9627845524501783084/config-client-twitter_to_kafka.yml]' via location 'file:/var/folders/7s/f7nqr7zx6f9d7vcfxnfy2lt40000gn/T/config-repo-9627845524501783084/'
2022-10-18 11:30:38 [http-nio-8888-exec-1] INFO  o.s.c.c.s.e.NativeEnvironmentRepository - Adding property source: Config resource 'file [/var/folders/7s/f7nqr7zx6f9d7vcfxnfy2lt40000gn/T/config-repo-9627845524501783084/config-client.yml]' via location 'file:/var/folders/7s/f7nqr7zx6f9d7vcfxnfy2lt40000gn/T/config-repo-9627845524501783084/'
2022-10-18 11:31:50 [http-nio-8888-exec-3] INFO  o.s.c.c.s.e.NativeEnvironmentRepository - Adding property source: Config resource 'file [/var/folders/7s/f7nqr7zx6f9d7vcfxnfy2lt40000gn/T/config-repo-9627845524501783084/config-client-kafka_to_elastic.yml]' via location 'file:/var/folders/7s/f7nqr7zx6f9d7vcfxnfy2lt40000gn/T/config-repo-9627845524501783084/'
2022-10-18 11:31:50 [http-nio-8888-exec-3] INFO  o.s.c.c.s.e.NativeEnvironmentRepository - Adding property source: Config resource 'file [/var/folders/7s/f7nqr7zx6f9d7vcfxnfy2lt40000gn/T/config-repo-9627845524501783084/config-client.yml]' via location 'file:/var/folders/7s/f7nqr7zx6f9d7vcfxnfy2lt40000gn/T/config-repo-9627845524501783084/'
2022-10-18 14:20:18 [http-nio-8888-exec-5] INFO  o.s.c.c.s.e.NativeEnvironmentRepository - Adding property source: Config resource 'file [/var/folders/7s/f7nqr7zx6f9d7vcfxnfy2lt40000gn/T/config-repo-9627845524501783084/config-client-kafka_to_elastic.yml]' via location 'file:/var/folders/7s/f7nqr7zx6f9d7vcfxnfy2lt40000gn/T/config-repo-9627845524501783084/'
2022-10-18 14:20:18 [http-nio-8888-exec-5] INFO  o.s.c.c.s.e.NativeEnvironmentRepository - Adding property source: Config resource 'file [/var/folders/7s/f7nqr7zx6f9d7vcfxnfy2lt40000gn/T/config-repo-9627845524501783084/config-client.yml]' via location 'file:/var/folders/7s/f7nqr7zx6f9d7vcfxnfy2lt40000gn/T/config-repo-9627845524501783084/'
2022-10-18 17:36:36 [http-nio-8888-exec-7] INFO  o.s.c.c.s.e.NativeEnvironmentRepository - Adding property source: Config resource 'file [/var/folders/7s/f7nqr7zx6f9d7vcfxnfy2lt40000gn/T/config-repo-9627845524501783084/config-client-kafka_to_elastic.yml]' via location 'file:/var/folders/7s/f7nqr7zx6f9d7vcfxnfy2lt40000gn/T/config-repo-9627845524501783084/'
2022-10-18 17:36:36 [http-nio-8888-exec-7] INFO  o.s.c.c.s.e.NativeEnvironmentRepository - Adding property source: Config resource 'file [/var/folders/7s/f7nqr7zx6f9d7vcfxnfy2lt40000gn/T/config-repo-9627845524501783084/config-client.yml]' via location 'file:/var/folders/7s/f7nqr7zx6f9d7vcfxnfy2lt40000gn/T/config-repo-9627845524501783084/'
2022-10-18 17:37:46 [http-nio-8888-exec-9] INFO  o.s.c.c.s.e.NativeEnvironmentRepository - Adding property source: Config resource 'file [/var/folders/7s/f7nqr7zx6f9d7vcfxnfy2lt40000gn/T/config-repo-9627845524501783084/config-client-kafka_to_elastic.yml]' via location 'file:/var/folders/7s/f7nqr7zx6f9d7vcfxnfy2lt40000gn/T/config-repo-9627845524501783084/'
2022-10-18 17:37:46 [http-nio-8888-exec-9] INFO  o.s.c.c.s.e.NativeEnvironmentRepository - Adding property source: Config resource 'file [/var/folders/7s/f7nqr7zx6f9d7vcfxnfy2lt40000gn/T/config-repo-9627845524501783084/config-client.yml]' via location 'file:/var/folders/7s/f7nqr7zx6f9d7vcfxnfy2lt40000gn/T/config-repo-9627845524501783084/'
2022-10-18 17:41:20 [http-nio-8888-exec-1] INFO  o.s.c.c.s.e.NativeEnvironmentRepository - Adding property source: Config resource 'file [/var/folders/7s/f7nqr7zx6f9d7vcfxnfy2lt40000gn/T/config-repo-9627845524501783084/config-client-kafka_to_elastic.yml]' via location 'file:/var/folders/7s/f7nqr7zx6f9d7vcfxnfy2lt40000gn/T/config-repo-9627845524501783084/'
2022-10-18 17:41:20 [http-nio-8888-exec-1] INFO  o.s.c.c.s.e.NativeEnvironmentRepository - Adding property source: Config resource 'file [/var/folders/7s/f7nqr7zx6f9d7vcfxnfy2lt40000gn/T/config-repo-9627845524501783084/config-client.yml]' via location 'file:/var/folders/7s/f7nqr7zx6f9d7vcfxnfy2lt40000gn/T/config-repo-9627845524501783084/'
2022-10-18 17:45:11 [background-preinit] INFO  o.h.validator.internal.util.Version - HV000001: Hibernate Validator 6.2.5.Final
2022-10-18 17:45:11 [main] INFO  c.m.demo.config.server.ConfigServer - Starting ConfigServer using Java 11.0.11 on MacBook-Pro-de-Gilles.local with PID 36889 (/Users/gillescedric/Documents/Formations/EVENT-DRIVEN MICROSERVICES/microvervices-demo/config-server/target/classes started by gillescedric in /Users/gillescedric/Documents/Formations/EVENT-DRIVEN MICROSERVICES/microvervices-demo)
2022-10-18 17:45:11 [main] INFO  c.m.demo.config.server.ConfigServer - No active profile set, falling back to 1 default profile: "default"
2022-10-18 17:45:13 [main] INFO  o.s.cloud.context.scope.GenericScope - BeanFactory id=a873e672-d4db-3287-9e1b-0f62c943b4bb
2022-10-18 17:45:13 [main] INFO  o.s.b.w.e.tomcat.TomcatWebServer - Tomcat initialized with port(s): 8888 (http)
2022-10-18 17:45:13 [main] INFO  o.a.coyote.http11.Http11NioProtocol - Initializing ProtocolHandler ["http-nio-8888"]
2022-10-18 17:45:13 [main] INFO  o.a.catalina.core.StandardService - Starting service [Tomcat]
2022-10-18 17:45:13 [main] INFO  o.a.catalina.core.StandardEngine - Starting Servlet engine: [Apache Tomcat/9.0.65]
2022-10-18 17:45:13 [main] INFO  o.a.c.c.C.[Tomcat].[localhost].[/] - Initializing Spring embedded WebApplicationContext
2022-10-18 17:45:13 [main] INFO  o.s.b.w.s.c.ServletWebServerApplicationContext - Root WebApplicationContext: initialization completed in 1481 ms
2022-10-18 17:45:13 [main] WARN  o.s.s.c.a.web.builders.WebSecurity - You are asking Spring Security to ignore Ant [pattern='/encrypt/**']. This is not recommended -- please use permitAll via HttpSecurity#authorizeHttpRequests instead.
2022-10-18 17:45:13 [main] INFO  o.s.s.web.DefaultSecurityFilterChain - Will not secure Ant [pattern='/encrypt/**']
2022-10-18 17:45:13 [main] WARN  o.s.s.c.a.web.builders.WebSecurity - You are asking Spring Security to ignore Ant [pattern='/decrypt/**']. This is not recommended -- please use permitAll via HttpSecurity#authorizeHttpRequests instead.
2022-10-18 17:45:13 [main] INFO  o.s.s.web.DefaultSecurityFilterChain - Will not secure Ant [pattern='/decrypt/**']
2022-10-18 17:45:13 [main] WARN  o.s.s.c.a.web.builders.WebSecurity - You are asking Spring Security to ignore Ant [pattern='/actuator/**']. This is not recommended -- please use permitAll via HttpSecurity#authorizeHttpRequests instead.
2022-10-18 17:45:13 [main] INFO  o.s.s.web.DefaultSecurityFilterChain - Will not secure Ant [pattern='/actuator/**']
2022-10-18 17:45:13 [main] INFO  o.s.s.web.DefaultSecurityFilterChain - Will secure any request with [org.springframework.security.web.session.DisableEncodeUrlFilter@538a2f0e, org.springframework.security.web.context.request.async.WebAsyncManagerIntegrationFilter@d2708a7, org.springframework.security.web.context.SecurityContextPersistenceFilter@2322e56f, org.springframework.security.web.header.HeaderWriterFilter@75882261, org.springframework.security.web.csrf.CsrfFilter@1118d539, org.springframework.security.web.authentication.logout.LogoutFilter@6544899b, org.springframework.security.web.authentication.UsernamePasswordAuthenticationFilter@61394494, org.springframework.security.web.authentication.ui.DefaultLoginPageGeneratingFilter@7c588adc, org.springframework.security.web.authentication.ui.DefaultLogoutPageGeneratingFilter@508ad266, org.springframework.security.web.authentication.www.BasicAuthenticationFilter@2dc39b53, org.springframework.security.web.savedrequest.RequestCacheAwareFilter@38732364, org.springframework.security.web.servletapi.SecurityContextHolderAwareRequestFilter@3e5beab5, org.springframework.security.web.authentication.AnonymousAuthenticationFilter@2313db84, org.springframework.security.web.session.SessionManagementFilter@615efd1c, org.springframework.security.web.access.ExceptionTranslationFilter@3fde2209, org.springframework.security.web.access.intercept.FilterSecurityInterceptor@1788cb61]
2022-10-18 17:45:15 [main] INFO  o.a.coyote.http11.Http11NioProtocol - Starting ProtocolHandler ["http-nio-8888"]
2022-10-18 17:45:15 [main] INFO  o.s.b.w.e.tomcat.TomcatWebServer - Tomcat started on port(s): 8888 (http) with context path ''
2022-10-18 17:45:15 [main] INFO  c.m.demo.config.server.ConfigServer - Started ConfigServer in 4.598 seconds (JVM running for 5.572)
2022-10-18 17:45:28 [http-nio-8888-exec-1] INFO  o.a.c.c.C.[Tomcat].[localhost].[/] - Initializing Spring DispatcherServlet 'dispatcherServlet'
2022-10-18 17:45:28 [http-nio-8888-exec-1] INFO  o.s.web.servlet.DispatcherServlet - Initializing Servlet 'dispatcherServlet'
2022-10-18 17:45:28 [http-nio-8888-exec-1] INFO  o.s.web.servlet.DispatcherServlet - Completed initialization in 2 ms
2022-10-18 17:45:28 [http-nio-8888-exec-1] INFO  o.s.c.c.s.e.NativeEnvironmentRepository - Adding property source: Config resource 'file [/var/folders/7s/f7nqr7zx6f9d7vcfxnfy2lt40000gn/T/config-repo-1749137502712310480/config-client-twitter_to_kafka.yml]' via location 'file:/var/folders/7s/f7nqr7zx6f9d7vcfxnfy2lt40000gn/T/config-repo-1749137502712310480/'
2022-10-18 17:45:28 [http-nio-8888-exec-1] INFO  o.s.c.c.s.e.NativeEnvironmentRepository - Adding property source: Config resource 'file [/var/folders/7s/f7nqr7zx6f9d7vcfxnfy2lt40000gn/T/config-repo-1749137502712310480/config-client.yml]' via location 'file:/var/folders/7s/f7nqr7zx6f9d7vcfxnfy2lt40000gn/T/config-repo-1749137502712310480/'
2022-10-18 17:46:07 [http-nio-8888-exec-2] INFO  o.s.c.c.s.e.NativeEnvironmentRepository - Adding property source: Config resource 'file [/var/folders/7s/f7nqr7zx6f9d7vcfxnfy2lt40000gn/T/config-repo-1749137502712310480/config-client-kafka_to_elastic.yml]' via location 'file:/var/folders/7s/f7nqr7zx6f9d7vcfxnfy2lt40000gn/T/config-repo-1749137502712310480/'
2022-10-18 17:46:07 [http-nio-8888-exec-2] INFO  o.s.c.c.s.e.NativeEnvironmentRepository - Adding property source: Config resource 'file [/var/folders/7s/f7nqr7zx6f9d7vcfxnfy2lt40000gn/T/config-repo-1749137502712310480/config-client.yml]' via location 'file:/var/folders/7s/f7nqr7zx6f9d7vcfxnfy2lt40000gn/T/config-repo-1749137502712310480/'
2022-10-18 18:00:34 [http-nio-8888-exec-5] INFO  o.s.c.c.s.e.NativeEnvironmentRepository - Adding property source: Config resource 'file [/var/folders/7s/f7nqr7zx6f9d7vcfxnfy2lt40000gn/T/config-repo-1749137502712310480/config-client-kafka_to_elastic.yml]' via location 'file:/var/folders/7s/f7nqr7zx6f9d7vcfxnfy2lt40000gn/T/config-repo-1749137502712310480/'
2022-10-18 18:00:34 [http-nio-8888-exec-5] INFO  o.s.c.c.s.e.NativeEnvironmentRepository - Adding property source: Config resource 'file [/var/folders/7s/f7nqr7zx6f9d7vcfxnfy2lt40000gn/T/config-repo-1749137502712310480/config-client.yml]' via location 'file:/var/folders/7s/f7nqr7zx6f9d7vcfxnfy2lt40000gn/T/config-repo-1749137502712310480/'
2022-10-18 18:56:13 [http-nio-8888-exec-7] INFO  o.s.c.c.s.e.NativeEnvironmentRepository - Adding property source: Config resource 'file [/var/folders/7s/f7nqr7zx6f9d7vcfxnfy2lt40000gn/T/config-repo-1749137502712310480/config-client-kafka_to_elastic.yml]' via location 'file:/var/folders/7s/f7nqr7zx6f9d7vcfxnfy2lt40000gn/T/config-repo-1749137502712310480/'
2022-10-18 18:56:13 [http-nio-8888-exec-7] INFO  o.s.c.c.s.e.NativeEnvironmentRepository - Adding property source: Config resource 'file [/var/folders/7s/f7nqr7zx6f9d7vcfxnfy2lt40000gn/T/config-repo-1749137502712310480/config-client.yml]' via location 'file:/var/folders/7s/f7nqr7zx6f9d7vcfxnfy2lt40000gn/T/config-repo-1749137502712310480/'
2022-10-18 19:00:42 [http-nio-8888-exec-9] INFO  o.s.c.c.s.e.NativeEnvironmentRepository - Adding property source: Config resource 'file [/var/folders/7s/f7nqr7zx6f9d7vcfxnfy2lt40000gn/T/config-repo-1749137502712310480/config-client-kafka_to_elastic.yml]' via location 'file:/var/folders/7s/f7nqr7zx6f9d7vcfxnfy2lt40000gn/T/config-repo-1749137502712310480/'
2022-10-18 19:00:42 [http-nio-8888-exec-9] INFO  o.s.c.c.s.e.NativeEnvironmentRepository - Adding property source: Config resource 'file [/var/folders/7s/f7nqr7zx6f9d7vcfxnfy2lt40000gn/T/config-repo-1749137502712310480/config-client.yml]' via location 'file:/var/folders/7s/f7nqr7zx6f9d7vcfxnfy2lt40000gn/T/config-repo-1749137502712310480/'
2022-10-18 19:02:03 [http-nio-8888-exec-1] INFO  o.s.c.c.s.e.NativeEnvironmentRepository - Adding property source: Config resource 'file [/var/folders/7s/f7nqr7zx6f9d7vcfxnfy2lt40000gn/T/config-repo-1749137502712310480/config-client-kafka_to_elastic.yml]' via location 'file:/var/folders/7s/f7nqr7zx6f9d7vcfxnfy2lt40000gn/T/config-repo-1749137502712310480/'
2022-10-18 19:02:03 [http-nio-8888-exec-1] INFO  o.s.c.c.s.e.NativeEnvironmentRepository - Adding property source: Config resource 'file [/var/folders/7s/f7nqr7zx6f9d7vcfxnfy2lt40000gn/T/config-repo-1749137502712310480/config-client.yml]' via location 'file:/var/folders/7s/f7nqr7zx6f9d7vcfxnfy2lt40000gn/T/config-repo-1749137502712310480/'
2022-10-18 19:02:17 [http-nio-8888-exec-3] INFO  o.s.c.c.s.e.NativeEnvironmentRepository - Adding property source: Config resource 'file [/var/folders/7s/f7nqr7zx6f9d7vcfxnfy2lt40000gn/T/config-repo-1749137502712310480/config-client-kafka_to_elastic.yml]' via location 'file:/var/folders/7s/f7nqr7zx6f9d7vcfxnfy2lt40000gn/T/config-repo-1749137502712310480/'
2022-10-18 19:02:17 [http-nio-8888-exec-3] INFO  o.s.c.c.s.e.NativeEnvironmentRepository - Adding property source: Config resource 'file [/var/folders/7s/f7nqr7zx6f9d7vcfxnfy2lt40000gn/T/config-repo-1749137502712310480/config-client.yml]' via location 'file:/var/folders/7s/f7nqr7zx6f9d7vcfxnfy2lt40000gn/T/config-repo-1749137502712310480/'
2022-10-18 19:03:40 [http-nio-8888-exec-5] INFO  o.s.c.c.s.e.NativeEnvironmentRepository - Adding property source: Config resource 'file [/var/folders/7s/f7nqr7zx6f9d7vcfxnfy2lt40000gn/T/config-repo-1749137502712310480/config-client-kafka_to_elastic.yml]' via location 'file:/var/folders/7s/f7nqr7zx6f9d7vcfxnfy2lt40000gn/T/config-repo-1749137502712310480/'
2022-10-18 19:03:40 [http-nio-8888-exec-5] INFO  o.s.c.c.s.e.NativeEnvironmentRepository - Adding property source: Config resource 'file [/var/folders/7s/f7nqr7zx6f9d7vcfxnfy2lt40000gn/T/config-repo-1749137502712310480/config-client.yml]' via location 'file:/var/folders/7s/f7nqr7zx6f9d7vcfxnfy2lt40000gn/T/config-repo-1749137502712310480/'
2022-10-18 19:11:18 [http-nio-8888-exec-7] INFO  o.s.c.c.s.e.NativeEnvironmentRepository - Adding property source: Config resource 'file [/var/folders/7s/f7nqr7zx6f9d7vcfxnfy2lt40000gn/T/config-repo-1749137502712310480/config-client-kafka_to_elastic.yml]' via location 'file:/var/folders/7s/f7nqr7zx6f9d7vcfxnfy2lt40000gn/T/config-repo-1749137502712310480/'
2022-10-18 19:11:18 [http-nio-8888-exec-7] INFO  o.s.c.c.s.e.NativeEnvironmentRepository - Adding property source: Config resource 'file [/var/folders/7s/f7nqr7zx6f9d7vcfxnfy2lt40000gn/T/config-repo-1749137502712310480/config-client.yml]' via location 'file:/var/folders/7s/f7nqr7zx6f9d7vcfxnfy2lt40000gn/T/config-repo-1749137502712310480/'
2022-10-18 19:20:17 [http-nio-8888-exec-9] INFO  o.s.c.c.s.e.NativeEnvironmentRepository - Adding property source: Config resource 'file [/var/folders/7s/f7nqr7zx6f9d7vcfxnfy2lt40000gn/T/config-repo-1749137502712310480/config-client-kafka_to_elastic.yml]' via location 'file:/var/folders/7s/f7nqr7zx6f9d7vcfxnfy2lt40000gn/T/config-repo-1749137502712310480/'
2022-10-18 19:20:17 [http-nio-8888-exec-9] INFO  o.s.c.c.s.e.NativeEnvironmentRepository - Adding property source: Config resource 'file [/var/folders/7s/f7nqr7zx6f9d7vcfxnfy2lt40000gn/T/config-repo-1749137502712310480/config-client.yml]' via location 'file:/var/folders/7s/f7nqr7zx6f9d7vcfxnfy2lt40000gn/T/config-repo-1749137502712310480/'
2022-10-18 19:22:12 [http-nio-8888-exec-1] INFO  o.s.c.c.s.e.NativeEnvironmentRepository - Adding property source: Config resource 'file [/var/folders/7s/f7nqr7zx6f9d7vcfxnfy2lt40000gn/T/config-repo-1749137502712310480/config-client-kafka_to_elastic.yml]' via location 'file:/var/folders/7s/f7nqr7zx6f9d7vcfxnfy2lt40000gn/T/config-repo-1749137502712310480/'
2022-10-18 19:22:12 [http-nio-8888-exec-1] INFO  o.s.c.c.s.e.NativeEnvironmentRepository - Adding property source: Config resource 'file [/var/folders/7s/f7nqr7zx6f9d7vcfxnfy2lt40000gn/T/config-repo-1749137502712310480/config-client.yml]' via location 'file:/var/folders/7s/f7nqr7zx6f9d7vcfxnfy2lt40000gn/T/config-repo-1749137502712310480/'
2022-10-18 19:25:01 [http-nio-8888-exec-3] INFO  o.s.c.c.s.e.NativeEnvironmentRepository - Adding property source: Config resource 'file [/var/folders/7s/f7nqr7zx6f9d7vcfxnfy2lt40000gn/T/config-repo-1749137502712310480/config-client-kafka_to_elastic.yml]' via location 'file:/var/folders/7s/f7nqr7zx6f9d7vcfxnfy2lt40000gn/T/config-repo-1749137502712310480/'
2022-10-18 19:25:01 [http-nio-8888-exec-3] INFO  o.s.c.c.s.e.NativeEnvironmentRepository - Adding property source: Config resource 'file [/var/folders/7s/f7nqr7zx6f9d7vcfxnfy2lt40000gn/T/config-repo-1749137502712310480/config-client.yml]' via location 'file:/var/folders/7s/f7nqr7zx6f9d7vcfxnfy2lt40000gn/T/config-repo-1749137502712310480/'
