2022-10-24 10:46:01 [main] ERROR o.s.boot.SpringApplication - Application run failed
java.lang.IllegalStateException: Cannot decrypt: key=spring.security.user.password
	at org.springframework.cloud.bootstrap.encrypt.AbstractEnvironmentDecrypt.decrypt(AbstractEnvironmentDecrypt.java:159)
	at org.springframework.cloud.bootstrap.encrypt.AbstractEnvironmentDecrypt.lambda$decrypt$0(AbstractEnvironmentDecrypt.java:137)
	at java.base/java.util.LinkedHashMap.replaceAll(Unknown Source)
	at org.springframework.cloud.bootstrap.encrypt.AbstractEnvironmentDecrypt.decrypt(AbstractEnvironmentDecrypt.java:132)
	at org.springframework.cloud.bootstrap.encrypt.AbstractEnvironmentDecrypt.decrypt(AbstractEnvironmentDecrypt.java:70)
	at org.springframework.cloud.bootstrap.encrypt.TextEncryptorUtils.decrypt(TextEncryptorUtils.java:52)
	at org.springframework.cloud.bootstrap.encrypt.DecryptEnvironmentPostProcessor.postProcessEnvironment(DecryptEnvironmentPostProcessor.java:66)
	at org.springframework.boot.env.EnvironmentPostProcessorApplicationListener.onApplicationEnvironmentPreparedEvent(EnvironmentPostProcessorApplicationListener.java:102)
	at org.springframework.boot.env.EnvironmentPostProcessorApplicationListener.onApplicationEvent(EnvironmentPostProcessorApplicationListener.java:87)
	at org.springframework.context.event.SimpleApplicationEventMulticaster.doInvokeListener(SimpleApplicationEventMulticaster.java:176)
	at org.springframework.context.event.SimpleApplicationEventMulticaster.invokeListener(SimpleApplicationEventMulticaster.java:169)
	at org.springframework.context.event.SimpleApplicationEventMulticaster.multicastEvent(SimpleApplicationEventMulticaster.java:143)
	at org.springframework.context.event.SimpleApplicationEventMulticaster.multicastEvent(SimpleApplicationEventMulticaster.java:131)
	at org.springframework.boot.context.event.EventPublishingRunListener.environmentPrepared(EventPublishingRunListener.java:85)
	at org.springframework.boot.SpringApplicationRunListeners.lambda$environmentPrepared$2(SpringApplicationRunListeners.java:66)
	at java.base/java.util.ArrayList.forEach(Unknown Source)
	at org.springframework.boot.SpringApplicationRunListeners.doWithListeners(SpringApplicationRunListeners.java:120)
	at org.springframework.boot.SpringApplicationRunListeners.doWithListeners(SpringApplicationRunListeners.java:114)
	at org.springframework.boot.SpringApplicationRunListeners.environmentPrepared(SpringApplicationRunListeners.java:65)
	at org.springframework.boot.SpringApplication.prepareEnvironment(SpringApplication.java:344)
	at org.springframework.boot.SpringApplication.run(SpringApplication.java:302)
	at org.springframework.boot.SpringApplication.run(SpringApplication.java:1306)
	at org.springframework.boot.SpringApplication.run(SpringApplication.java:1295)
	at com.microservices.demo.config.server.ConfigServer.main(ConfigServer.java:11)
	at java.base/jdk.internal.reflect.NativeMethodAccessorImpl.invoke0(Native Method)
	at java.base/jdk.internal.reflect.NativeMethodAccessorImpl.invoke(Unknown Source)
	at java.base/jdk.internal.reflect.DelegatingMethodAccessorImpl.invoke(Unknown Source)
	at java.base/java.lang.reflect.Method.invoke(Unknown Source)
	at org.springframework.boot.loader.MainMethodRunner.run(MainMethodRunner.java:49)
	at org.springframework.boot.loader.Launcher.launch(Launcher.java:108)
	at org.springframework.boot.loader.Launcher.launch(Launcher.java:58)
	at org.springframework.boot.loader.JarLauncher.main(JarLauncher.java:65)
Caused by: java.lang.UnsupportedOperationException: No decryption for FailsafeTextEncryptor. Did you configure the keystore correctly?
	at org.springframework.cloud.bootstrap.encrypt.TextEncryptorUtils$FailsafeTextEncryptor.decrypt(TextEncryptorUtils.java:188)
	at org.springframework.cloud.bootstrap.encrypt.AbstractEnvironmentDecrypt.decrypt(AbstractEnvironmentDecrypt.java:144)
	... 31 common frames omitted
2022-10-24 10:50:42 [main] ERROR o.s.boot.SpringApplication - Application run failed
java.lang.IllegalStateException: Cannot decrypt: key=spring.security.user.password
	at org.springframework.cloud.bootstrap.encrypt.AbstractEnvironmentDecrypt.decrypt(AbstractEnvironmentDecrypt.java:159)
	at org.springframework.cloud.bootstrap.encrypt.AbstractEnvironmentDecrypt.lambda$decrypt$0(AbstractEnvironmentDecrypt.java:137)
	at java.base/java.util.LinkedHashMap.replaceAll(Unknown Source)
	at org.springframework.cloud.bootstrap.encrypt.AbstractEnvironmentDecrypt.decrypt(AbstractEnvironmentDecrypt.java:132)
	at org.springframework.cloud.bootstrap.encrypt.AbstractEnvironmentDecrypt.decrypt(AbstractEnvironmentDecrypt.java:70)
	at org.springframework.cloud.bootstrap.encrypt.TextEncryptorUtils.decrypt(TextEncryptorUtils.java:52)
	at org.springframework.cloud.bootstrap.encrypt.DecryptEnvironmentPostProcessor.postProcessEnvironment(DecryptEnvironmentPostProcessor.java:66)
	at org.springframework.boot.env.EnvironmentPostProcessorApplicationListener.onApplicationEnvironmentPreparedEvent(EnvironmentPostProcessorApplicationListener.java:102)
	at org.springframework.boot.env.EnvironmentPostProcessorApplicationListener.onApplicationEvent(EnvironmentPostProcessorApplicationListener.java:87)
	at org.springframework.context.event.SimpleApplicationEventMulticaster.doInvokeListener(SimpleApplicationEventMulticaster.java:176)
	at org.springframework.context.event.SimpleApplicationEventMulticaster.invokeListener(SimpleApplicationEventMulticaster.java:169)
	at org.springframework.context.event.SimpleApplicationEventMulticaster.multicastEvent(SimpleApplicationEventMulticaster.java:143)
	at org.springframework.context.event.SimpleApplicationEventMulticaster.multicastEvent(SimpleApplicationEventMulticaster.java:131)
	at org.springframework.boot.context.event.EventPublishingRunListener.environmentPrepared(EventPublishingRunListener.java:85)
	at org.springframework.boot.SpringApplicationRunListeners.lambda$environmentPrepared$2(SpringApplicationRunListeners.java:66)
	at java.base/java.util.ArrayList.forEach(Unknown Source)
	at org.springframework.boot.SpringApplicationRunListeners.doWithListeners(SpringApplicationRunListeners.java:120)
	at org.springframework.boot.SpringApplicationRunListeners.doWithListeners(SpringApplicationRunListeners.java:114)
	at org.springframework.boot.SpringApplicationRunListeners.environmentPrepared(SpringApplicationRunListeners.java:65)
	at org.springframework.boot.SpringApplication.prepareEnvironment(SpringApplication.java:344)
	at org.springframework.boot.SpringApplication.run(SpringApplication.java:302)
	at org.springframework.boot.SpringApplication.run(SpringApplication.java:1306)
	at org.springframework.boot.SpringApplication.run(SpringApplication.java:1295)
	at com.microservices.demo.config.server.ConfigServer.main(ConfigServer.java:11)
	at java.base/jdk.internal.reflect.NativeMethodAccessorImpl.invoke0(Native Method)
	at java.base/jdk.internal.reflect.NativeMethodAccessorImpl.invoke(Unknown Source)
	at java.base/jdk.internal.reflect.DelegatingMethodAccessorImpl.invoke(Unknown Source)
	at java.base/java.lang.reflect.Method.invoke(Unknown Source)
	at org.springframework.boot.loader.MainMethodRunner.run(MainMethodRunner.java:49)
	at org.springframework.boot.loader.Launcher.launch(Launcher.java:108)
	at org.springframework.boot.loader.Launcher.launch(Launcher.java:58)
	at org.springframework.boot.loader.JarLauncher.main(JarLauncher.java:65)
Caused by: java.lang.UnsupportedOperationException: No decryption for FailsafeTextEncryptor. Did you configure the keystore correctly?
	at org.springframework.cloud.bootstrap.encrypt.TextEncryptorUtils$FailsafeTextEncryptor.decrypt(TextEncryptorUtils.java:188)
	at org.springframework.cloud.bootstrap.encrypt.AbstractEnvironmentDecrypt.decrypt(AbstractEnvironmentDecrypt.java:144)
	... 31 common frames omitted
2022-10-24 13:49:49 [background-preinit] INFO  o.h.validator.internal.util.Version - HV000001: Hibernate Validator 6.2.5.Final
2022-10-24 13:49:49 [main] INFO  c.m.demo.config.server.ConfigServer - Starting ConfigServer v0.0.1-SNAPSHOT using Java 11.0.17 on 712da9bd2e96 with PID 1 (/workspace/BOOT-INF/classes started by cnb in /workspace)
2022-10-24 13:49:49 [main] INFO  c.m.demo.config.server.ConfigServer - No active profile set, falling back to 1 default profile: "default"
2022-10-24 14:00:44 [main] ERROR o.s.boot.SpringApplication - Application run failed
java.lang.IllegalStateException: Cannot decrypt: key=spring.security.user.password
	at org.springframework.cloud.bootstrap.encrypt.AbstractEnvironmentDecrypt.decrypt(AbstractEnvironmentDecrypt.java:159)
	at org.springframework.cloud.bootstrap.encrypt.AbstractEnvironmentDecrypt.lambda$decrypt$0(AbstractEnvironmentDecrypt.java:137)
	at java.base/java.util.LinkedHashMap.replaceAll(Unknown Source)
	at org.springframework.cloud.bootstrap.encrypt.AbstractEnvironmentDecrypt.decrypt(AbstractEnvironmentDecrypt.java:132)
	at org.springframework.cloud.bootstrap.encrypt.AbstractEnvironmentDecrypt.decrypt(AbstractEnvironmentDecrypt.java:70)
	at org.springframework.cloud.bootstrap.encrypt.TextEncryptorUtils.decrypt(TextEncryptorUtils.java:52)
	at org.springframework.cloud.bootstrap.encrypt.DecryptEnvironmentPostProcessor.postProcessEnvironment(DecryptEnvironmentPostProcessor.java:66)
	at org.springframework.boot.env.EnvironmentPostProcessorApplicationListener.onApplicationEnvironmentPreparedEvent(EnvironmentPostProcessorApplicationListener.java:102)
	at org.springframework.boot.env.EnvironmentPostProcessorApplicationListener.onApplicationEvent(EnvironmentPostProcessorApplicationListener.java:87)
	at org.springframework.context.event.SimpleApplicationEventMulticaster.doInvokeListener(SimpleApplicationEventMulticaster.java:176)
	at org.springframework.context.event.SimpleApplicationEventMulticaster.invokeListener(SimpleApplicationEventMulticaster.java:169)
	at org.springframework.context.event.SimpleApplicationEventMulticaster.multicastEvent(SimpleApplicationEventMulticaster.java:143)
	at org.springframework.context.event.SimpleApplicationEventMulticaster.multicastEvent(SimpleApplicationEventMulticaster.java:131)
	at org.springframework.boot.context.event.EventPublishingRunListener.environmentPrepared(EventPublishingRunListener.java:85)
	at org.springframework.boot.SpringApplicationRunListeners.lambda$environmentPrepared$2(SpringApplicationRunListeners.java:66)
	at java.base/java.util.ArrayList.forEach(Unknown Source)
	at org.springframework.boot.SpringApplicationRunListeners.doWithListeners(SpringApplicationRunListeners.java:120)
	at org.springframework.boot.SpringApplicationRunListeners.doWithListeners(SpringApplicationRunListeners.java:114)
	at org.springframework.boot.SpringApplicationRunListeners.environmentPrepared(SpringApplicationRunListeners.java:65)
	at org.springframework.boot.SpringApplication.prepareEnvironment(SpringApplication.java:344)
	at org.springframework.boot.SpringApplication.run(SpringApplication.java:302)
	at org.springframework.boot.SpringApplication.run(SpringApplication.java:1306)
	at org.springframework.boot.SpringApplication.run(SpringApplication.java:1295)
	at com.microservices.demo.config.server.ConfigServer.main(ConfigServer.java:11)
	at java.base/jdk.internal.reflect.NativeMethodAccessorImpl.invoke0(Native Method)
	at java.base/jdk.internal.reflect.NativeMethodAccessorImpl.invoke(Unknown Source)
	at java.base/jdk.internal.reflect.DelegatingMethodAccessorImpl.invoke(Unknown Source)
	at java.base/java.lang.reflect.Method.invoke(Unknown Source)
	at org.springframework.boot.loader.MainMethodRunner.run(MainMethodRunner.java:49)
	at org.springframework.boot.loader.Launcher.launch(Launcher.java:108)
	at org.springframework.boot.loader.Launcher.launch(Launcher.java:58)
	at org.springframework.boot.loader.JarLauncher.main(JarLauncher.java:65)
Caused by: java.lang.UnsupportedOperationException: No decryption for FailsafeTextEncryptor. Did you configure the keystore correctly?
	at org.springframework.cloud.bootstrap.encrypt.TextEncryptorUtils$FailsafeTextEncryptor.decrypt(TextEncryptorUtils.java:188)
	at org.springframework.cloud.bootstrap.encrypt.AbstractEnvironmentDecrypt.decrypt(AbstractEnvironmentDecrypt.java:144)
	... 31 common frames omitted
2022-10-24 16:03:31 [main] ERROR o.s.boot.SpringApplication - Application run failed
java.lang.IllegalStateException: Cannot decrypt: key=spring.security.user.password
	at org.springframework.cloud.bootstrap.encrypt.AbstractEnvironmentDecrypt.decrypt(AbstractEnvironmentDecrypt.java:159)
	at org.springframework.cloud.bootstrap.encrypt.AbstractEnvironmentDecrypt.lambda$decrypt$0(AbstractEnvironmentDecrypt.java:137)
	at java.base/java.util.LinkedHashMap.replaceAll(Unknown Source)
	at org.springframework.cloud.bootstrap.encrypt.AbstractEnvironmentDecrypt.decrypt(AbstractEnvironmentDecrypt.java:132)
	at org.springframework.cloud.bootstrap.encrypt.AbstractEnvironmentDecrypt.decrypt(AbstractEnvironmentDecrypt.java:70)
	at org.springframework.cloud.bootstrap.encrypt.TextEncryptorUtils.decrypt(TextEncryptorUtils.java:52)
	at org.springframework.cloud.bootstrap.encrypt.DecryptEnvironmentPostProcessor.postProcessEnvironment(DecryptEnvironmentPostProcessor.java:66)
	at org.springframework.boot.env.EnvironmentPostProcessorApplicationListener.onApplicationEnvironmentPreparedEvent(EnvironmentPostProcessorApplicationListener.java:102)
	at org.springframework.boot.env.EnvironmentPostProcessorApplicationListener.onApplicationEvent(EnvironmentPostProcessorApplicationListener.java:87)
	at org.springframework.context.event.SimpleApplicationEventMulticaster.doInvokeListener(SimpleApplicationEventMulticaster.java:176)
	at org.springframework.context.event.SimpleApplicationEventMulticaster.invokeListener(SimpleApplicationEventMulticaster.java:169)
	at org.springframework.context.event.SimpleApplicationEventMulticaster.multicastEvent(SimpleApplicationEventMulticaster.java:143)
	at org.springframework.context.event.SimpleApplicationEventMulticaster.multicastEvent(SimpleApplicationEventMulticaster.java:131)
	at org.springframework.boot.context.event.EventPublishingRunListener.environmentPrepared(EventPublishingRunListener.java:85)
	at org.springframework.boot.SpringApplicationRunListeners.lambda$environmentPrepared$2(SpringApplicationRunListeners.java:66)
	at java.base/java.util.ArrayList.forEach(Unknown Source)
	at org.springframework.boot.SpringApplicationRunListeners.doWithListeners(SpringApplicationRunListeners.java:120)
	at org.springframework.boot.SpringApplicationRunListeners.doWithListeners(SpringApplicationRunListeners.java:114)
	at org.springframework.boot.SpringApplicationRunListeners.environmentPrepared(SpringApplicationRunListeners.java:65)
	at org.springframework.boot.SpringApplication.prepareEnvironment(SpringApplication.java:344)
	at org.springframework.boot.SpringApplication.run(SpringApplication.java:302)
	at org.springframework.boot.SpringApplication.run(SpringApplication.java:1306)
	at org.springframework.boot.SpringApplication.run(SpringApplication.java:1295)
	at com.microservices.demo.config.server.ConfigServer.main(ConfigServer.java:11)
	at java.base/jdk.internal.reflect.NativeMethodAccessorImpl.invoke0(Native Method)
	at java.base/jdk.internal.reflect.NativeMethodAccessorImpl.invoke(Unknown Source)
	at java.base/jdk.internal.reflect.DelegatingMethodAccessorImpl.invoke(Unknown Source)
	at java.base/java.lang.reflect.Method.invoke(Unknown Source)
	at org.springframework.boot.loader.MainMethodRunner.run(MainMethodRunner.java:49)
	at org.springframework.boot.loader.Launcher.launch(Launcher.java:108)
	at org.springframework.boot.loader.Launcher.launch(Launcher.java:58)
	at org.springframework.boot.loader.JarLauncher.main(JarLauncher.java:65)
Caused by: java.lang.UnsupportedOperationException: No decryption for FailsafeTextEncryptor. Did you configure the keystore correctly?
	at org.springframework.cloud.bootstrap.encrypt.TextEncryptorUtils$FailsafeTextEncryptor.decrypt(TextEncryptorUtils.java:188)
	at org.springframework.cloud.bootstrap.encrypt.AbstractEnvironmentDecrypt.decrypt(AbstractEnvironmentDecrypt.java:144)
	... 31 common frames omitted
2022-10-24 16:06:02 [background-preinit] INFO  o.h.validator.internal.util.Version - HV000001: Hibernate Validator 6.2.5.Final
2022-10-24 16:06:02 [main] INFO  c.m.demo.config.server.ConfigServer - Starting ConfigServer v0.0.1-SNAPSHOT using Java 11.0.17 on 1b2431d52b75 with PID 1 (/workspace/BOOT-INF/classes started by cnb in /workspace)
2022-10-24 16:06:02 [main] INFO  c.m.demo.config.server.ConfigServer - No active profile set, falling back to 1 default profile: "default"
2022-10-24 16:06:10 [main] INFO  o.s.cloud.context.scope.GenericScope - BeanFactory id=5661a031-9c92-3b67-a98a-91252b007904
2022-10-24 16:06:12 [main] INFO  o.s.b.w.e.tomcat.TomcatWebServer - Tomcat initialized with port(s): 8888 (http)
2022-10-24 16:06:12 [main] INFO  o.a.coyote.http11.Http11NioProtocol - Initializing ProtocolHandler ["http-nio-8888"]
2022-10-24 16:06:12 [main] INFO  o.a.catalina.core.StandardService - Starting service [Tomcat]
2022-10-24 16:06:12 [main] INFO  o.a.catalina.core.StandardEngine - Starting Servlet engine: [Apache Tomcat/9.0.65]
2022-10-24 16:06:12 [main] INFO  o.a.c.c.C.[Tomcat].[localhost].[/] - Initializing Spring embedded WebApplicationContext
2022-10-24 16:06:12 [main] INFO  o.s.b.w.s.c.ServletWebServerApplicationContext - Root WebApplicationContext: initialization completed in 9566 ms
2022-10-24 16:06:16 [main] WARN  o.s.s.c.a.web.builders.WebSecurity - You are asking Spring Security to ignore Ant [pattern='/encrypt/**']. This is not recommended -- please use permitAll via HttpSecurity#authorizeHttpRequests instead.
2022-10-24 16:06:16 [main] INFO  o.s.s.web.DefaultSecurityFilterChain - Will not secure Ant [pattern='/encrypt/**']
2022-10-24 16:06:16 [main] WARN  o.s.s.c.a.web.builders.WebSecurity - You are asking Spring Security to ignore Ant [pattern='/decrypt/**']. This is not recommended -- please use permitAll via HttpSecurity#authorizeHttpRequests instead.
2022-10-24 16:06:16 [main] INFO  o.s.s.web.DefaultSecurityFilterChain - Will not secure Ant [pattern='/decrypt/**']
2022-10-24 16:06:16 [main] WARN  o.s.s.c.a.web.builders.WebSecurity - You are asking Spring Security to ignore Ant [pattern='/actuator/**']. This is not recommended -- please use permitAll via HttpSecurity#authorizeHttpRequests instead.
2022-10-24 16:06:16 [main] INFO  o.s.s.web.DefaultSecurityFilterChain - Will not secure Ant [pattern='/actuator/**']
2022-10-24 16:06:17 [main] INFO  o.s.s.web.DefaultSecurityFilterChain - Will secure any request with [org.springframework.security.web.session.DisableEncodeUrlFilter@257f30f7, org.springframework.security.web.context.request.async.WebAsyncManagerIntegrationFilter@3fde2209, org.springframework.security.web.context.SecurityContextPersistenceFilter@f5bf288, org.springframework.security.web.header.HeaderWriterFilter@435e416c, org.springframework.security.web.csrf.CsrfFilter@21f7e537, org.springframework.security.web.authentication.logout.LogoutFilter@353e6389, org.springframework.security.web.authentication.UsernamePasswordAuthenticationFilter@76216830, org.springframework.security.web.authentication.ui.DefaultLoginPageGeneratingFilter@1e3f86d5, org.springframework.security.web.authentication.ui.DefaultLogoutPageGeneratingFilter@1f916219, org.springframework.security.web.authentication.www.BasicAuthenticationFilter@6d69a0d3, org.springframework.security.web.savedrequest.RequestCacheAwareFilter@26c77f54, org.springframework.security.web.servletapi.SecurityContextHolderAwareRequestFilter@20440c6c, org.springframework.security.web.authentication.AnonymousAuthenticationFilter@67acfde9, org.springframework.security.web.session.SessionManagementFilter@4aed311e, org.springframework.security.web.access.ExceptionTranslationFilter@75eaba95, org.springframework.security.web.access.intercept.FilterSecurityInterceptor@281b2dfd]
2022-10-24 16:06:29 [main] INFO  o.a.coyote.http11.Http11NioProtocol - Starting ProtocolHandler ["http-nio-8888"]
2022-10-24 16:06:29 [main] INFO  o.s.b.w.e.tomcat.TomcatWebServer - Tomcat started on port(s): 8888 (http) with context path ''
2022-10-24 16:06:29 [main] INFO  c.m.demo.config.server.ConfigServer - Started ConfigServer in 30.971 seconds (JVM running for 35.476)
2022-10-24 16:06:29 [http-nio-8888-exec-1] INFO  o.a.c.c.C.[Tomcat].[localhost].[/] - Initializing Spring DispatcherServlet 'dispatcherServlet'
2022-10-24 16:06:29 [http-nio-8888-exec-1] INFO  o.s.web.servlet.DispatcherServlet - Initializing Servlet 'dispatcherServlet'
2022-10-24 16:06:29 [http-nio-8888-exec-1] INFO  o.s.web.servlet.DispatcherServlet - Completed initialization in 6 ms
2022-10-24 16:13:34 [main] ERROR o.s.boot.SpringApplication - Application run failed
java.lang.IllegalStateException: Cannot decrypt: key=spring.security.user.password
	at org.springframework.cloud.bootstrap.encrypt.AbstractEnvironmentDecrypt.decrypt(AbstractEnvironmentDecrypt.java:159)
	at org.springframework.cloud.bootstrap.encrypt.AbstractEnvironmentDecrypt.lambda$decrypt$0(AbstractEnvironmentDecrypt.java:137)
	at java.base/java.util.LinkedHashMap.replaceAll(Unknown Source)
	at org.springframework.cloud.bootstrap.encrypt.AbstractEnvironmentDecrypt.decrypt(AbstractEnvironmentDecrypt.java:132)
	at org.springframework.cloud.bootstrap.encrypt.AbstractEnvironmentDecrypt.decrypt(AbstractEnvironmentDecrypt.java:70)
	at org.springframework.cloud.bootstrap.encrypt.TextEncryptorUtils.decrypt(TextEncryptorUtils.java:52)
	at org.springframework.cloud.bootstrap.encrypt.DecryptEnvironmentPostProcessor.postProcessEnvironment(DecryptEnvironmentPostProcessor.java:66)
	at org.springframework.boot.env.EnvironmentPostProcessorApplicationListener.onApplicationEnvironmentPreparedEvent(EnvironmentPostProcessorApplicationListener.java:102)
	at org.springframework.boot.env.EnvironmentPostProcessorApplicationListener.onApplicationEvent(EnvironmentPostProcessorApplicationListener.java:87)
	at org.springframework.context.event.SimpleApplicationEventMulticaster.doInvokeListener(SimpleApplicationEventMulticaster.java:176)
	at org.springframework.context.event.SimpleApplicationEventMulticaster.invokeListener(SimpleApplicationEventMulticaster.java:169)
	at org.springframework.context.event.SimpleApplicationEventMulticaster.multicastEvent(SimpleApplicationEventMulticaster.java:143)
	at org.springframework.context.event.SimpleApplicationEventMulticaster.multicastEvent(SimpleApplicationEventMulticaster.java:131)
	at org.springframework.boot.context.event.EventPublishingRunListener.environmentPrepared(EventPublishingRunListener.java:85)
	at org.springframework.boot.SpringApplicationRunListeners.lambda$environmentPrepared$2(SpringApplicationRunListeners.java:66)
	at java.base/java.util.ArrayList.forEach(Unknown Source)
	at org.springframework.boot.SpringApplicationRunListeners.doWithListeners(SpringApplicationRunListeners.java:120)
	at org.springframework.boot.SpringApplicationRunListeners.doWithListeners(SpringApplicationRunListeners.java:114)
	at org.springframework.boot.SpringApplicationRunListeners.environmentPrepared(SpringApplicationRunListeners.java:65)
	at org.springframework.boot.SpringApplication.prepareEnvironment(SpringApplication.java:344)
	at org.springframework.boot.SpringApplication.run(SpringApplication.java:302)
	at org.springframework.boot.SpringApplication.run(SpringApplication.java:1306)
	at org.springframework.boot.SpringApplication.run(SpringApplication.java:1295)
	at com.microservices.demo.config.server.ConfigServer.main(ConfigServer.java:11)
	at java.base/jdk.internal.reflect.NativeMethodAccessorImpl.invoke0(Native Method)
	at java.base/jdk.internal.reflect.NativeMethodAccessorImpl.invoke(Unknown Source)
	at java.base/jdk.internal.reflect.DelegatingMethodAccessorImpl.invoke(Unknown Source)
	at java.base/java.lang.reflect.Method.invoke(Unknown Source)
	at org.springframework.boot.loader.MainMethodRunner.run(MainMethodRunner.java:49)
	at org.springframework.boot.loader.Launcher.launch(Launcher.java:108)
	at org.springframework.boot.loader.Launcher.launch(Launcher.java:58)
	at org.springframework.boot.loader.JarLauncher.main(JarLauncher.java:65)
Caused by: java.lang.UnsupportedOperationException: No decryption for FailsafeTextEncryptor. Did you configure the keystore correctly?
	at org.springframework.cloud.bootstrap.encrypt.TextEncryptorUtils$FailsafeTextEncryptor.decrypt(TextEncryptorUtils.java:188)
	at org.springframework.cloud.bootstrap.encrypt.AbstractEnvironmentDecrypt.decrypt(AbstractEnvironmentDecrypt.java:144)
	... 31 common frames omitted
2022-10-24 16:20:13 [main] ERROR o.s.boot.SpringApplication - Application run failed
java.lang.IllegalStateException: Invalid keystore location
	at org.springframework.cloud.bootstrap.encrypt.TextEncryptorUtils.createTextEncryptor(TextEncryptorUtils.java:128)
	at org.springframework.cloud.bootstrap.encrypt.TextEncryptorUtils.getTextEncryptor(TextEncryptorUtils.java:64)
	at org.springframework.cloud.bootstrap.encrypt.TextEncryptorUtils.decrypt(TextEncryptorUtils.java:51)
	at org.springframework.cloud.bootstrap.encrypt.DecryptEnvironmentPostProcessor.postProcessEnvironment(DecryptEnvironmentPostProcessor.java:66)
	at org.springframework.boot.env.EnvironmentPostProcessorApplicationListener.onApplicationEnvironmentPreparedEvent(EnvironmentPostProcessorApplicationListener.java:102)
	at org.springframework.boot.env.EnvironmentPostProcessorApplicationListener.onApplicationEvent(EnvironmentPostProcessorApplicationListener.java:87)
	at org.springframework.context.event.SimpleApplicationEventMulticaster.doInvokeListener(SimpleApplicationEventMulticaster.java:176)
	at org.springframework.context.event.SimpleApplicationEventMulticaster.invokeListener(SimpleApplicationEventMulticaster.java:169)
	at org.springframework.context.event.SimpleApplicationEventMulticaster.multicastEvent(SimpleApplicationEventMulticaster.java:143)
	at org.springframework.context.event.SimpleApplicationEventMulticaster.multicastEvent(SimpleApplicationEventMulticaster.java:131)
	at org.springframework.boot.context.event.EventPublishingRunListener.environmentPrepared(EventPublishingRunListener.java:85)
	at org.springframework.boot.SpringApplicationRunListeners.lambda$environmentPrepared$2(SpringApplicationRunListeners.java:66)
	at java.base/java.util.ArrayList.forEach(Unknown Source)
	at org.springframework.boot.SpringApplicationRunListeners.doWithListeners(SpringApplicationRunListeners.java:120)
	at org.springframework.boot.SpringApplicationRunListeners.doWithListeners(SpringApplicationRunListeners.java:114)
	at org.springframework.boot.SpringApplicationRunListeners.environmentPrepared(SpringApplicationRunListeners.java:65)
	at org.springframework.boot.SpringApplication.prepareEnvironment(SpringApplication.java:344)
	at org.springframework.boot.SpringApplication.run(SpringApplication.java:302)
	at org.springframework.boot.SpringApplication.run(SpringApplication.java:1306)
	at org.springframework.boot.SpringApplication.run(SpringApplication.java:1295)
	at com.microservices.demo.config.server.ConfigServer.main(ConfigServer.java:11)
	at java.base/jdk.internal.reflect.NativeMethodAccessorImpl.invoke0(Native Method)
	at java.base/jdk.internal.reflect.NativeMethodAccessorImpl.invoke(Unknown Source)
	at java.base/jdk.internal.reflect.DelegatingMethodAccessorImpl.invoke(Unknown Source)
	at java.base/java.lang.reflect.Method.invoke(Unknown Source)
	at org.springframework.boot.loader.MainMethodRunner.run(MainMethodRunner.java:49)
	at org.springframework.boot.loader.Launcher.launch(Launcher.java:108)
	at org.springframework.boot.loader.Launcher.launch(Launcher.java:58)
	at org.springframework.boot.loader.JarLauncher.main(JarLauncher.java:65)
2022-10-24 16:32:00 [main] ERROR o.s.boot.SpringApplication - Application run failed
java.lang.IllegalStateException: Cannot decrypt: key=spring.security.user.password
	at org.springframework.cloud.bootstrap.encrypt.AbstractEnvironmentDecrypt.decrypt(AbstractEnvironmentDecrypt.java:159)
	at org.springframework.cloud.bootstrap.encrypt.AbstractEnvironmentDecrypt.lambda$decrypt$0(AbstractEnvironmentDecrypt.java:137)
	at java.base/java.util.LinkedHashMap.replaceAll(Unknown Source)
	at org.springframework.cloud.bootstrap.encrypt.AbstractEnvironmentDecrypt.decrypt(AbstractEnvironmentDecrypt.java:132)
	at org.springframework.cloud.bootstrap.encrypt.AbstractEnvironmentDecrypt.decrypt(AbstractEnvironmentDecrypt.java:70)
	at org.springframework.cloud.bootstrap.encrypt.TextEncryptorUtils.decrypt(TextEncryptorUtils.java:52)
	at org.springframework.cloud.bootstrap.encrypt.DecryptEnvironmentPostProcessor.postProcessEnvironment(DecryptEnvironmentPostProcessor.java:66)
	at org.springframework.boot.env.EnvironmentPostProcessorApplicationListener.onApplicationEnvironmentPreparedEvent(EnvironmentPostProcessorApplicationListener.java:102)
	at org.springframework.boot.env.EnvironmentPostProcessorApplicationListener.onApplicationEvent(EnvironmentPostProcessorApplicationListener.java:87)
	at org.springframework.context.event.SimpleApplicationEventMulticaster.doInvokeListener(SimpleApplicationEventMulticaster.java:176)
	at org.springframework.context.event.SimpleApplicationEventMulticaster.invokeListener(SimpleApplicationEventMulticaster.java:169)
	at org.springframework.context.event.SimpleApplicationEventMulticaster.multicastEvent(SimpleApplicationEventMulticaster.java:143)
	at org.springframework.context.event.SimpleApplicationEventMulticaster.multicastEvent(SimpleApplicationEventMulticaster.java:131)
	at org.springframework.boot.context.event.EventPublishingRunListener.environmentPrepared(EventPublishingRunListener.java:85)
	at org.springframework.boot.SpringApplicationRunListeners.lambda$environmentPrepared$2(SpringApplicationRunListeners.java:66)
	at java.base/java.util.ArrayList.forEach(Unknown Source)
	at org.springframework.boot.SpringApplicationRunListeners.doWithListeners(SpringApplicationRunListeners.java:120)
	at org.springframework.boot.SpringApplicationRunListeners.doWithListeners(SpringApplicationRunListeners.java:114)
	at org.springframework.boot.SpringApplicationRunListeners.environmentPrepared(SpringApplicationRunListeners.java:65)
	at org.springframework.boot.SpringApplication.prepareEnvironment(SpringApplication.java:344)
	at org.springframework.boot.SpringApplication.run(SpringApplication.java:302)
	at org.springframework.boot.SpringApplication.run(SpringApplication.java:1306)
	at org.springframework.boot.SpringApplication.run(SpringApplication.java:1295)
	at com.microservices.demo.config.server.ConfigServer.main(ConfigServer.java:11)
	at java.base/jdk.internal.reflect.NativeMethodAccessorImpl.invoke0(Native Method)
	at java.base/jdk.internal.reflect.NativeMethodAccessorImpl.invoke(Unknown Source)
	at java.base/jdk.internal.reflect.DelegatingMethodAccessorImpl.invoke(Unknown Source)
	at java.base/java.lang.reflect.Method.invoke(Unknown Source)
	at org.springframework.boot.loader.MainMethodRunner.run(MainMethodRunner.java:49)
	at org.springframework.boot.loader.Launcher.launch(Launcher.java:108)
	at org.springframework.boot.loader.Launcher.launch(Launcher.java:58)
	at org.springframework.boot.loader.JarLauncher.main(JarLauncher.java:65)
Caused by: java.lang.IllegalStateException: Cannot decrypt
	at org.springframework.security.rsa.crypto.RsaSecretEncryptor.decrypt(RsaSecretEncryptor.java:240)
	at org.springframework.security.rsa.crypto.RsaSecretEncryptor.decrypt(RsaSecretEncryptor.java:177)
	at org.springframework.security.rsa.crypto.RsaSecretEncryptor.decrypt(RsaSecretEncryptor.java:165)
	at org.springframework.cloud.bootstrap.encrypt.AbstractEnvironmentDecrypt.decrypt(AbstractEnvironmentDecrypt.java:144)
	... 31 common frames omitted
Caused by: javax.crypto.IllegalBlockSizeException: Data must not be longer than 256 bytes
	at java.base/com.sun.crypto.provider.RSACipher.doFinal(Unknown Source)
	at java.base/com.sun.crypto.provider.RSACipher.engineDoFinal(Unknown Source)
	at java.base/javax.crypto.Cipher.doFinal(Unknown Source)
	at org.springframework.security.rsa.crypto.RsaSecretEncryptor.decrypt(RsaSecretEncryptor.java:228)
	... 34 common frames omitted
2022-10-24 16:43:20 [main] ERROR o.s.boot.SpringApplication - Application run failed
java.lang.IllegalStateException: Cannot decrypt: key=spring.security.user.password
	at org.springframework.cloud.bootstrap.encrypt.AbstractEnvironmentDecrypt.decrypt(AbstractEnvironmentDecrypt.java:159)
	at org.springframework.cloud.bootstrap.encrypt.AbstractEnvironmentDecrypt.lambda$decrypt$0(AbstractEnvironmentDecrypt.java:137)
	at java.base/java.util.LinkedHashMap.replaceAll(Unknown Source)
	at org.springframework.cloud.bootstrap.encrypt.AbstractEnvironmentDecrypt.decrypt(AbstractEnvironmentDecrypt.java:132)
	at org.springframework.cloud.bootstrap.encrypt.AbstractEnvironmentDecrypt.decrypt(AbstractEnvironmentDecrypt.java:70)
	at org.springframework.cloud.bootstrap.encrypt.TextEncryptorUtils.decrypt(TextEncryptorUtils.java:52)
	at org.springframework.cloud.bootstrap.encrypt.DecryptEnvironmentPostProcessor.postProcessEnvironment(DecryptEnvironmentPostProcessor.java:66)
	at org.springframework.boot.env.EnvironmentPostProcessorApplicationListener.onApplicationEnvironmentPreparedEvent(EnvironmentPostProcessorApplicationListener.java:102)
	at org.springframework.boot.env.EnvironmentPostProcessorApplicationListener.onApplicationEvent(EnvironmentPostProcessorApplicationListener.java:87)
	at org.springframework.context.event.SimpleApplicationEventMulticaster.doInvokeListener(SimpleApplicationEventMulticaster.java:176)
	at org.springframework.context.event.SimpleApplicationEventMulticaster.invokeListener(SimpleApplicationEventMulticaster.java:169)
	at org.springframework.context.event.SimpleApplicationEventMulticaster.multicastEvent(SimpleApplicationEventMulticaster.java:143)
	at org.springframework.context.event.SimpleApplicationEventMulticaster.multicastEvent(SimpleApplicationEventMulticaster.java:131)
	at org.springframework.boot.context.event.EventPublishingRunListener.environmentPrepared(EventPublishingRunListener.java:85)
	at org.springframework.boot.SpringApplicationRunListeners.lambda$environmentPrepared$2(SpringApplicationRunListeners.java:66)
	at java.base/java.util.ArrayList.forEach(Unknown Source)
	at org.springframework.boot.SpringApplicationRunListeners.doWithListeners(SpringApplicationRunListeners.java:120)
	at org.springframework.boot.SpringApplicationRunListeners.doWithListeners(SpringApplicationRunListeners.java:114)
	at org.springframework.boot.SpringApplicationRunListeners.environmentPrepared(SpringApplicationRunListeners.java:65)
	at org.springframework.boot.SpringApplication.prepareEnvironment(SpringApplication.java:344)
	at org.springframework.boot.SpringApplication.run(SpringApplication.java:302)
	at org.springframework.boot.SpringApplication.run(SpringApplication.java:1306)
	at org.springframework.boot.SpringApplication.run(SpringApplication.java:1295)
	at com.microservices.demo.config.server.ConfigServer.main(ConfigServer.java:11)
	at java.base/jdk.internal.reflect.NativeMethodAccessorImpl.invoke0(Native Method)
	at java.base/jdk.internal.reflect.NativeMethodAccessorImpl.invoke(Unknown Source)
	at java.base/jdk.internal.reflect.DelegatingMethodAccessorImpl.invoke(Unknown Source)
	at java.base/java.lang.reflect.Method.invoke(Unknown Source)
	at org.springframework.boot.loader.MainMethodRunner.run(MainMethodRunner.java:49)
	at org.springframework.boot.loader.Launcher.launch(Launcher.java:108)
	at org.springframework.boot.loader.Launcher.launch(Launcher.java:58)
	at org.springframework.boot.loader.JarLauncher.main(JarLauncher.java:65)
Caused by: java.lang.IllegalStateException: Cannot decrypt
	at org.springframework.security.rsa.crypto.RsaSecretEncryptor.decrypt(RsaSecretEncryptor.java:240)
	at org.springframework.security.rsa.crypto.RsaSecretEncryptor.decrypt(RsaSecretEncryptor.java:177)
	at org.springframework.security.rsa.crypto.RsaSecretEncryptor.decrypt(RsaSecretEncryptor.java:165)
	at org.springframework.cloud.bootstrap.encrypt.AbstractEnvironmentDecrypt.decrypt(AbstractEnvironmentDecrypt.java:144)
	... 31 common frames omitted
Caused by: javax.crypto.IllegalBlockSizeException: Data must not be longer than 256 bytes
	at java.base/com.sun.crypto.provider.RSACipher.doFinal(Unknown Source)
	at java.base/com.sun.crypto.provider.RSACipher.engineDoFinal(Unknown Source)
	at java.base/javax.crypto.Cipher.doFinal(Unknown Source)
	at org.springframework.security.rsa.crypto.RsaSecretEncryptor.decrypt(RsaSecretEncryptor.java:228)
	... 34 common frames omitted
2022-10-24 16:48:49 [background-preinit] INFO  o.h.validator.internal.util.Version - HV000001: Hibernate Validator 6.2.5.Final
2022-10-24 16:48:49 [main] INFO  c.m.demo.config.server.ConfigServer - Starting ConfigServer v0.0.1-SNAPSHOT using Java 11.0.17 on 5c585c458842 with PID 1 (/workspace/BOOT-INF/classes started by cnb in /workspace)
2022-10-24 16:48:49 [main] INFO  c.m.demo.config.server.ConfigServer - No active profile set, falling back to 1 default profile: "default"
2022-10-24 16:48:56 [main] INFO  o.s.cloud.context.scope.GenericScope - BeanFactory id=5661a031-9c92-3b67-a98a-91252b007904
2022-10-24 16:48:58 [main] INFO  o.s.b.w.e.tomcat.TomcatWebServer - Tomcat initialized with port(s): 8888 (http)
2022-10-24 16:48:59 [main] INFO  o.a.coyote.http11.Http11NioProtocol - Initializing ProtocolHandler ["http-nio-8888"]
2022-10-24 16:48:59 [main] INFO  o.a.catalina.core.StandardService - Starting service [Tomcat]
2022-10-24 16:48:59 [main] INFO  o.a.catalina.core.StandardEngine - Starting Servlet engine: [Apache Tomcat/9.0.65]
2022-10-24 16:48:59 [main] INFO  o.a.c.c.C.[Tomcat].[localhost].[/] - Initializing Spring embedded WebApplicationContext
2022-10-24 16:48:59 [main] INFO  o.s.b.w.s.c.ServletWebServerApplicationContext - Root WebApplicationContext: initialization completed in 9931 ms
2022-10-24 16:49:03 [main] WARN  o.s.s.c.a.web.builders.WebSecurity - You are asking Spring Security to ignore Ant [pattern='/encrypt/**']. This is not recommended -- please use permitAll via HttpSecurity#authorizeHttpRequests instead.
2022-10-24 16:49:03 [main] INFO  o.s.s.web.DefaultSecurityFilterChain - Will not secure Ant [pattern='/encrypt/**']
2022-10-24 16:49:03 [main] WARN  o.s.s.c.a.web.builders.WebSecurity - You are asking Spring Security to ignore Ant [pattern='/decrypt/**']. This is not recommended -- please use permitAll via HttpSecurity#authorizeHttpRequests instead.
2022-10-24 16:49:03 [main] INFO  o.s.s.web.DefaultSecurityFilterChain - Will not secure Ant [pattern='/decrypt/**']
2022-10-24 16:49:03 [main] WARN  o.s.s.c.a.web.builders.WebSecurity - You are asking Spring Security to ignore Ant [pattern='/actuator/**']. This is not recommended -- please use permitAll via HttpSecurity#authorizeHttpRequests instead.
2022-10-24 16:49:03 [main] INFO  o.s.s.web.DefaultSecurityFilterChain - Will not secure Ant [pattern='/actuator/**']
2022-10-24 16:49:04 [main] INFO  o.s.s.web.DefaultSecurityFilterChain - Will secure any request with [org.springframework.security.web.session.DisableEncodeUrlFilter@66f16742, org.springframework.security.web.context.request.async.WebAsyncManagerIntegrationFilter@2871ac91, org.springframework.security.web.context.SecurityContextPersistenceFilter@435e416c, org.springframework.security.web.header.HeaderWriterFilter@284bdeed, org.springframework.security.web.csrf.CsrfFilter@6b27b2d0, org.springframework.security.web.authentication.logout.LogoutFilter@39266403, org.springframework.security.web.authentication.UsernamePasswordAuthenticationFilter@281b2dfd, org.springframework.security.web.authentication.ui.DefaultLoginPageGeneratingFilter@3e856100, org.springframework.security.web.authentication.ui.DefaultLogoutPageGeneratingFilter@3c54ddec, org.springframework.security.web.authentication.www.BasicAuthenticationFilter@57186526, org.springframework.security.web.savedrequest.RequestCacheAwareFilter@4aed311e, org.springframework.security.web.servletapi.SecurityContextHolderAwareRequestFilter@26c77f54, org.springframework.security.web.authentication.AnonymousAuthenticationFilter@6d69a0d3, org.springframework.security.web.session.SessionManagementFilter@482c351d, org.springframework.security.web.access.ExceptionTranslationFilter@49cb3881, org.springframework.security.web.access.intercept.FilterSecurityInterceptor@7b18658a]
2022-10-24 16:49:14 [main] INFO  o.a.coyote.http11.Http11NioProtocol - Starting ProtocolHandler ["http-nio-8888"]
2022-10-24 16:49:14 [main] INFO  o.s.b.w.e.tomcat.TomcatWebServer - Tomcat started on port(s): 8888 (http) with context path ''
2022-10-24 16:49:14 [main] INFO  c.m.demo.config.server.ConfigServer - Started ConfigServer in 30.359 seconds (JVM running for 35.03)
2022-10-24 16:49:15 [http-nio-8888-exec-1] INFO  o.a.c.c.C.[Tomcat].[localhost].[/] - Initializing Spring DispatcherServlet 'dispatcherServlet'
2022-10-24 16:49:15 [http-nio-8888-exec-1] INFO  o.s.web.servlet.DispatcherServlet - Initializing Servlet 'dispatcherServlet'
2022-10-24 16:49:15 [http-nio-8888-exec-1] INFO  o.s.web.servlet.DispatcherServlet - Completed initialization in 6 ms
2022-10-24 16:52:32 [background-preinit] INFO  o.h.validator.internal.util.Version - HV000001: Hibernate Validator 6.2.5.Final
2022-10-24 16:52:33 [main] INFO  c.m.demo.config.server.ConfigServer - Starting ConfigServer v0.0.1-SNAPSHOT using Java 11.0.17 on 5c585c458842 with PID 1 (/workspace/BOOT-INF/classes started by cnb in /workspace)
2022-10-24 16:52:33 [main] INFO  c.m.demo.config.server.ConfigServer - No active profile set, falling back to 1 default profile: "default"
2022-10-24 16:52:49 [main] INFO  o.s.cloud.context.scope.GenericScope - BeanFactory id=5661a031-9c92-3b67-a98a-91252b007904
2022-10-24 16:52:54 [main] INFO  o.s.b.w.e.tomcat.TomcatWebServer - Tomcat initialized with port(s): 8888 (http)
2022-10-24 16:52:54 [main] INFO  o.a.coyote.http11.Http11NioProtocol - Initializing ProtocolHandler ["http-nio-8888"]
2022-10-24 16:52:54 [main] INFO  o.a.catalina.core.StandardService - Starting service [Tomcat]
2022-10-24 16:52:54 [main] INFO  o.a.catalina.core.StandardEngine - Starting Servlet engine: [Apache Tomcat/9.0.65]
2022-10-24 16:52:55 [main] INFO  o.a.c.c.C.[Tomcat].[localhost].[/] - Initializing Spring embedded WebApplicationContext
2022-10-24 16:52:55 [main] INFO  o.s.b.w.s.c.ServletWebServerApplicationContext - Root WebApplicationContext: initialization completed in 20937 ms
2022-10-24 16:53:02 [main] WARN  o.s.s.c.a.web.builders.WebSecurity - You are asking Spring Security to ignore Ant [pattern='/encrypt/**']. This is not recommended -- please use permitAll via HttpSecurity#authorizeHttpRequests instead.
2022-10-24 16:53:02 [main] INFO  o.s.s.web.DefaultSecurityFilterChain - Will not secure Ant [pattern='/encrypt/**']
2022-10-24 16:53:02 [main] WARN  o.s.s.c.a.web.builders.WebSecurity - You are asking Spring Security to ignore Ant [pattern='/decrypt/**']. This is not recommended -- please use permitAll via HttpSecurity#authorizeHttpRequests instead.
2022-10-24 16:53:02 [main] INFO  o.s.s.web.DefaultSecurityFilterChain - Will not secure Ant [pattern='/decrypt/**']
2022-10-24 16:53:02 [main] WARN  o.s.s.c.a.web.builders.WebSecurity - You are asking Spring Security to ignore Ant [pattern='/actuator/**']. This is not recommended -- please use permitAll via HttpSecurity#authorizeHttpRequests instead.
2022-10-24 16:53:02 [main] INFO  o.s.s.web.DefaultSecurityFilterChain - Will not secure Ant [pattern='/actuator/**']
2022-10-24 16:53:03 [main] INFO  o.s.s.web.DefaultSecurityFilterChain - Will secure any request with [org.springframework.security.web.session.DisableEncodeUrlFilter@611d0763, org.springframework.security.web.context.request.async.WebAsyncManagerIntegrationFilter@615efd1c, org.springframework.security.web.context.SecurityContextPersistenceFilter@355ce6a6, org.springframework.security.web.header.HeaderWriterFilter@2c1d57bc, org.springframework.security.web.csrf.CsrfFilter@706f6d26, org.springframework.security.web.authentication.logout.LogoutFilter@3c7b137a, org.springframework.security.web.authentication.UsernamePasswordAuthenticationFilter@391d1e33, org.springframework.security.web.authentication.ui.DefaultLoginPageGeneratingFilter@69ec93c2, org.springframework.security.web.authentication.ui.DefaultLogoutPageGeneratingFilter@1e226bcd, org.springframework.security.web.authentication.www.BasicAuthenticationFilter@3b088163, org.springframework.security.web.savedrequest.RequestCacheAwareFilter@1e3f86d5, org.springframework.security.web.servletapi.SecurityContextHolderAwareRequestFilter@233f52f8, org.springframework.security.web.authentication.AnonymousAuthenticationFilter@2a8dd942, org.springframework.security.web.session.SessionManagementFilter@3e856100, org.springframework.security.web.access.ExceptionTranslationFilter@7ddcb0dc, org.springframework.security.web.access.intercept.FilterSecurityInterceptor@7aded903]
2022-10-24 16:53:21 [main] INFO  o.a.coyote.http11.Http11NioProtocol - Starting ProtocolHandler ["http-nio-8888"]
2022-10-24 16:53:21 [main] INFO  o.s.b.w.e.tomcat.TomcatWebServer - Tomcat started on port(s): 8888 (http) with context path ''
2022-10-24 16:53:22 [main] INFO  c.m.demo.config.server.ConfigServer - Started ConfigServer in 62.346 seconds (JVM running for 75.001)
2022-10-24 16:53:22 [http-nio-8888-exec-2] INFO  o.a.c.c.C.[Tomcat].[localhost].[/] - Initializing Spring DispatcherServlet 'dispatcherServlet'
2022-10-24 16:53:22 [http-nio-8888-exec-2] INFO  o.s.web.servlet.DispatcherServlet - Initializing Servlet 'dispatcherServlet'
2022-10-24 16:53:22 [http-nio-8888-exec-2] INFO  o.s.web.servlet.DispatcherServlet - Completed initialization in 17 ms
2022-10-24 17:08:13 [background-preinit] INFO  o.h.validator.internal.util.Version - HV000001: Hibernate Validator 6.2.5.Final
2022-10-24 17:08:14 [main] INFO  c.m.demo.config.server.ConfigServer - Starting ConfigServer v0.0.1-SNAPSHOT using Java 11.0.17 on 5c585c458842 with PID 1 (/workspace/BOOT-INF/classes started by cnb in /workspace)
2022-10-24 17:08:14 [main] INFO  c.m.demo.config.server.ConfigServer - No active profile set, falling back to 1 default profile: "default"
2022-10-24 17:08:29 [main] INFO  o.s.cloud.context.scope.GenericScope - BeanFactory id=5661a031-9c92-3b67-a98a-91252b007904
2022-10-24 17:08:33 [main] INFO  o.s.b.w.e.tomcat.TomcatWebServer - Tomcat initialized with port(s): 8888 (http)
2022-10-24 17:08:33 [main] INFO  o.a.coyote.http11.Http11NioProtocol - Initializing ProtocolHandler ["http-nio-8888"]
2022-10-24 17:08:33 [main] INFO  o.a.catalina.core.StandardService - Starting service [Tomcat]
2022-10-24 17:08:33 [main] INFO  o.a.catalina.core.StandardEngine - Starting Servlet engine: [Apache Tomcat/9.0.65]
2022-10-24 17:08:34 [main] INFO  o.a.c.c.C.[Tomcat].[localhost].[/] - Initializing Spring embedded WebApplicationContext
2022-10-24 17:08:34 [main] INFO  o.s.b.w.s.c.ServletWebServerApplicationContext - Root WebApplicationContext: initialization completed in 18498 ms
2022-10-24 17:08:43 [main] WARN  o.s.s.c.a.web.builders.WebSecurity - You are asking Spring Security to ignore Ant [pattern='/encrypt/**']. This is not recommended -- please use permitAll via HttpSecurity#authorizeHttpRequests instead.
2022-10-24 17:08:43 [main] INFO  o.s.s.web.DefaultSecurityFilterChain - Will not secure Ant [pattern='/encrypt/**']
2022-10-24 17:08:43 [main] WARN  o.s.s.c.a.web.builders.WebSecurity - You are asking Spring Security to ignore Ant [pattern='/decrypt/**']. This is not recommended -- please use permitAll via HttpSecurity#authorizeHttpRequests instead.
2022-10-24 17:08:43 [main] INFO  o.s.s.web.DefaultSecurityFilterChain - Will not secure Ant [pattern='/decrypt/**']
2022-10-24 17:08:43 [main] WARN  o.s.s.c.a.web.builders.WebSecurity - You are asking Spring Security to ignore Ant [pattern='/actuator/**']. This is not recommended -- please use permitAll via HttpSecurity#authorizeHttpRequests instead.
2022-10-24 17:08:43 [main] INFO  o.s.s.web.DefaultSecurityFilterChain - Will not secure Ant [pattern='/actuator/**']
2022-10-24 17:08:44 [main] INFO  o.s.s.web.DefaultSecurityFilterChain - Will secure any request with [org.springframework.security.web.session.DisableEncodeUrlFilter@38732364, org.springframework.security.web.context.request.async.WebAsyncManagerIntegrationFilter@7c70aae1, org.springframework.security.web.context.SecurityContextPersistenceFilter@66f5b8fe, org.springframework.security.web.header.HeaderWriterFilter@20440c6c, org.springframework.security.web.csrf.CsrfFilter@49cb3881, org.springframework.security.web.authentication.logout.LogoutFilter@8e99809, org.springframework.security.web.authentication.UsernamePasswordAuthenticationFilter@257f30f7, org.springframework.security.web.authentication.ui.DefaultLoginPageGeneratingFilter@6bce313, org.springframework.security.web.authentication.ui.DefaultLogoutPageGeneratingFilter@48cd319d, org.springframework.security.web.authentication.www.BasicAuthenticationFilter@2322e56f, org.springframework.security.web.savedrequest.RequestCacheAwareFilter@69ec93c2, org.springframework.security.web.servletapi.SecurityContextHolderAwareRequestFilter@6986f93e, org.springframework.security.web.authentication.AnonymousAuthenticationFilter@6f38f084, org.springframework.security.web.session.SessionManagementFilter@560271a1, org.springframework.security.web.access.ExceptionTranslationFilter@28fc1132, org.springframework.security.web.access.intercept.FilterSecurityInterceptor@66f16742]
2022-10-24 17:09:05 [main] INFO  o.a.coyote.http11.Http11NioProtocol - Starting ProtocolHandler ["http-nio-8888"]
2022-10-24 17:09:06 [main] INFO  o.s.b.w.e.tomcat.TomcatWebServer - Tomcat started on port(s): 8888 (http) with context path ''
2022-10-24 17:09:06 [main] INFO  c.m.demo.config.server.ConfigServer - Started ConfigServer in 66.196 seconds (JVM running for 80.027)
2022-10-24 17:09:08 [http-nio-8888-exec-1] INFO  o.a.c.c.C.[Tomcat].[localhost].[/] - Initializing Spring DispatcherServlet 'dispatcherServlet'
2022-10-24 17:09:08 [http-nio-8888-exec-1] INFO  o.s.web.servlet.DispatcherServlet - Initializing Servlet 'dispatcherServlet'
2022-10-24 17:09:08 [http-nio-8888-exec-1] INFO  o.s.web.servlet.DispatcherServlet - Completed initialization in 22 ms
2022-10-24 17:23:36 [background-preinit] INFO  o.h.validator.internal.util.Version - HV000001: Hibernate Validator 6.2.5.Final
2022-10-24 17:23:36 [main] INFO  c.m.demo.config.server.ConfigServer - Starting ConfigServer v0.0.1-SNAPSHOT using Java 11.0.17 on fc3afc0d306b with PID 1 (/workspace/BOOT-INF/classes started by cnb in /workspace)
2022-10-24 17:23:36 [main] INFO  c.m.demo.config.server.ConfigServer - No active profile set, falling back to 1 default profile: "default"
2022-10-24 17:23:53 [main] INFO  o.s.cloud.context.scope.GenericScope - BeanFactory id=5661a031-9c92-3b67-a98a-91252b007904
2022-10-24 17:23:58 [main] INFO  o.s.b.w.e.tomcat.TomcatWebServer - Tomcat initialized with port(s): 8888 (http)
2022-10-24 17:23:58 [main] INFO  o.a.coyote.http11.Http11NioProtocol - Initializing ProtocolHandler ["http-nio-8888"]
2022-10-24 17:23:58 [main] INFO  o.a.catalina.core.StandardService - Starting service [Tomcat]
2022-10-24 17:23:58 [main] INFO  o.a.catalina.core.StandardEngine - Starting Servlet engine: [Apache Tomcat/9.0.65]
2022-10-24 17:23:59 [main] INFO  o.a.c.c.C.[Tomcat].[localhost].[/] - Initializing Spring embedded WebApplicationContext
2022-10-24 17:23:59 [main] INFO  o.s.b.w.s.c.ServletWebServerApplicationContext - Root WebApplicationContext: initialization completed in 20171 ms
2022-10-24 17:24:07 [main] WARN  o.s.s.c.a.web.builders.WebSecurity - You are asking Spring Security to ignore Ant [pattern='/encrypt/**']. This is not recommended -- please use permitAll via HttpSecurity#authorizeHttpRequests instead.
2022-10-24 17:24:07 [main] INFO  o.s.s.web.DefaultSecurityFilterChain - Will not secure Ant [pattern='/encrypt/**']
2022-10-24 17:24:07 [main] WARN  o.s.s.c.a.web.builders.WebSecurity - You are asking Spring Security to ignore Ant [pattern='/decrypt/**']. This is not recommended -- please use permitAll via HttpSecurity#authorizeHttpRequests instead.
2022-10-24 17:24:07 [main] INFO  o.s.s.web.DefaultSecurityFilterChain - Will not secure Ant [pattern='/decrypt/**']
2022-10-24 17:24:07 [main] WARN  o.s.s.c.a.web.builders.WebSecurity - You are asking Spring Security to ignore Ant [pattern='/actuator/**']. This is not recommended -- please use permitAll via HttpSecurity#authorizeHttpRequests instead.
2022-10-24 17:24:07 [main] INFO  o.s.s.web.DefaultSecurityFilterChain - Will not secure Ant [pattern='/actuator/**']
2022-10-24 17:24:08 [main] INFO  o.s.s.web.DefaultSecurityFilterChain - Will secure any request with [org.springframework.security.web.session.DisableEncodeUrlFilter@1e226bcd, org.springframework.security.web.context.request.async.WebAsyncManagerIntegrationFilter@2a8dd942, org.springframework.security.web.context.SecurityContextPersistenceFilter@1e3f86d5, org.springframework.security.web.header.HeaderWriterFilter@3e856100, org.springframework.security.web.csrf.CsrfFilter@6af65f29, org.springframework.security.web.authentication.logout.LogoutFilter@5a48da4f, org.springframework.security.web.authentication.UsernamePasswordAuthenticationFilter@2871ac91, org.springframework.security.web.authentication.ui.DefaultLoginPageGeneratingFilter@5287ba5f, org.springframework.security.web.authentication.ui.DefaultLogoutPageGeneratingFilter@2322e56f, org.springframework.security.web.authentication.www.BasicAuthenticationFilter@611d0763, org.springframework.security.web.savedrequest.RequestCacheAwareFilter@4b9c411, org.springframework.security.web.servletapi.SecurityContextHolderAwareRequestFilter@19fec3d6, org.springframework.security.web.authentication.AnonymousAuthenticationFilter@35025a0a, org.springframework.security.web.session.SessionManagementFilter@28fc1132, org.springframework.security.web.access.ExceptionTranslationFilter@2c1d57bc, org.springframework.security.web.access.intercept.FilterSecurityInterceptor@261f359f]
2022-10-24 17:24:25 [main] WARN  o.s.c.c.s.e.MultipleJGitEnvironmentRepository - Error occured cloning to base directory.
org.eclipse.jgit.api.errors.TransportException: https://github.com/simokogice/spring-cloud-config-server-repositories: Connection time out: github.com
	at org.eclipse.jgit.api.FetchCommand.call(FetchCommand.java:224)
	at org.eclipse.jgit.api.CloneCommand.fetch(CloneCommand.java:311)
	at org.eclipse.jgit.api.CloneCommand.call(CloneCommand.java:182)
	at org.springframework.cloud.config.server.environment.JGitEnvironmentRepository.cloneToBasedir(JGitEnvironmentRepository.java:651)
	at org.springframework.cloud.config.server.environment.JGitEnvironmentRepository.initClonedRepository(JGitEnvironmentRepository.java:356)
	at org.springframework.cloud.config.server.environment.JGitEnvironmentRepository.afterPropertiesSet(JGitEnvironmentRepository.java:277)
	at org.springframework.cloud.config.server.environment.MultipleJGitEnvironmentRepository.afterPropertiesSet(MultipleJGitEnvironmentRepository.java:66)
	at org.springframework.beans.factory.support.AbstractAutowireCapableBeanFactory.invokeInitMethods(AbstractAutowireCapableBeanFactory.java:1863)
	at org.springframework.beans.factory.support.AbstractAutowireCapableBeanFactory.initializeBean(AbstractAutowireCapableBeanFactory.java:1800)
	at org.springframework.beans.factory.support.AbstractAutowireCapableBeanFactory.doCreateBean(AbstractAutowireCapableBeanFactory.java:620)
	at org.springframework.beans.factory.support.AbstractAutowireCapableBeanFactory.createBean(AbstractAutowireCapableBeanFactory.java:542)
	at org.springframework.beans.factory.support.AbstractBeanFactory.lambda$doGetBean$0(AbstractBeanFactory.java:335)
	at org.springframework.beans.factory.support.DefaultSingletonBeanRegistry.getSingleton(DefaultSingletonBeanRegistry.java:234)
	at org.springframework.beans.factory.support.AbstractBeanFactory.doGetBean(AbstractBeanFactory.java:333)
	at org.springframework.beans.factory.support.AbstractBeanFactory.getBean(AbstractBeanFactory.java:208)
	at org.springframework.beans.factory.support.DefaultListableBeanFactory.preInstantiateSingletons(DefaultListableBeanFactory.java:955)
	at org.springframework.context.support.AbstractApplicationContext.finishBeanFactoryInitialization(AbstractApplicationContext.java:918)
	at org.springframework.context.support.AbstractApplicationContext.refresh(AbstractApplicationContext.java:583)
	at org.springframework.boot.web.servlet.context.ServletWebServerApplicationContext.refresh(ServletWebServerApplicationContext.java:147)
	at org.springframework.boot.SpringApplication.refresh(SpringApplication.java:734)
	at org.springframework.boot.SpringApplication.refreshContext(SpringApplication.java:408)
	at org.springframework.boot.SpringApplication.run(SpringApplication.java:308)
	at org.springframework.boot.SpringApplication.run(SpringApplication.java:1306)
	at org.springframework.boot.SpringApplication.run(SpringApplication.java:1295)
	at com.microservices.demo.config.server.ConfigServer.main(ConfigServer.java:11)
	at java.base/jdk.internal.reflect.NativeMethodAccessorImpl.invoke0(Native Method)
	at java.base/jdk.internal.reflect.NativeMethodAccessorImpl.invoke(Unknown Source)
	at java.base/jdk.internal.reflect.DelegatingMethodAccessorImpl.invoke(Unknown Source)
	at java.base/java.lang.reflect.Method.invoke(Unknown Source)
	at org.springframework.boot.loader.MainMethodRunner.run(MainMethodRunner.java:49)
	at org.springframework.boot.loader.Launcher.launch(Launcher.java:108)
	at org.springframework.boot.loader.Launcher.launch(Launcher.java:58)
	at org.springframework.boot.loader.JarLauncher.main(JarLauncher.java:65)
Caused by: org.eclipse.jgit.errors.TransportException: https://github.com/simokogice/spring-cloud-config-server-repositories: Connection time out: github.com
	at org.eclipse.jgit.transport.TransportHttp.connect(TransportHttp.java:725)
	at org.eclipse.jgit.transport.TransportHttp.openFetch(TransportHttp.java:465)
	at org.eclipse.jgit.transport.FetchProcess.executeImp(FetchProcess.java:142)
	at org.eclipse.jgit.transport.FetchProcess.execute(FetchProcess.java:94)
	at org.eclipse.jgit.transport.Transport.fetch(Transport.java:1309)
	at org.eclipse.jgit.api.FetchCommand.call(FetchCommand.java:213)
	... 32 common frames omitted
Caused by: org.apache.http.conn.ConnectTimeoutException: Connect to github.com:443 [github.com/140.82.112.4] failed: connect timed out
	at org.apache.http.impl.conn.DefaultHttpClientConnectionOperator.connect(DefaultHttpClientConnectionOperator.java:151)
	at org.apache.http.impl.conn.PoolingHttpClientConnectionManager.connect(PoolingHttpClientConnectionManager.java:376)
	at org.apache.http.impl.execchain.MainClientExec.establishRoute(MainClientExec.java:393)
	at org.apache.http.impl.execchain.MainClientExec.execute(MainClientExec.java:236)
	at org.apache.http.impl.execchain.ProtocolExec.execute(ProtocolExec.java:186)
	at org.apache.http.impl.execchain.RetryExec.execute(RetryExec.java:89)
	at org.apache.http.impl.client.InternalHttpClient.doExecute(InternalHttpClient.java:185)
	at org.apache.http.impl.client.CloseableHttpClient.execute(CloseableHttpClient.java:83)
	at org.apache.http.impl.client.CloseableHttpClient.execute(CloseableHttpClient.java:108)
	at org.apache.http.impl.client.CloseableHttpClient.execute(CloseableHttpClient.java:56)
	at org.eclipse.jgit.transport.http.apache.HttpClientConnection.execute(HttpClientConnection.java:274)
	at org.eclipse.jgit.transport.http.apache.HttpClientConnection.getResponseCode(HttpClientConnection.java:251)
	at org.eclipse.jgit.util.HttpSupport.response(HttpSupport.java:232)
	at org.eclipse.jgit.transport.TransportHttp.connect(TransportHttp.java:654)
	... 37 common frames omitted
Caused by: java.net.SocketTimeoutException: connect timed out
	at java.base/java.net.PlainSocketImpl.socketConnect(Native Method)
	at java.base/java.net.AbstractPlainSocketImpl.doConnect(Unknown Source)
	at java.base/java.net.AbstractPlainSocketImpl.connectToAddress(Unknown Source)
	at java.base/java.net.AbstractPlainSocketImpl.connect(Unknown Source)
	at java.base/java.net.SocksSocketImpl.connect(Unknown Source)
	at java.base/java.net.Socket.connect(Unknown Source)
	at org.apache.http.conn.ssl.SSLConnectionSocketFactory.connectSocket(SSLConnectionSocketFactory.java:368)
	at org.apache.http.impl.conn.DefaultHttpClientConnectionOperator.connect(DefaultHttpClientConnectionOperator.java:142)
	... 50 common frames omitted
2022-10-24 17:24:25 [main] WARN  o.s.b.w.s.c.AnnotationConfigServletWebServerApplicationContext - Exception encountered during context initialization - cancelling refresh attempt: org.springframework.beans.factory.BeanCreationException: Error creating bean with name 'defaultEnvironmentRepository' defined in class path resource [org/springframework/cloud/config/server/config/DefaultRepositoryConfiguration.class]: Invocation of init method failed; nested exception is org.eclipse.jgit.api.errors.TransportException: https://github.com/simokogice/spring-cloud-config-server-repositories: Connection time out: github.com
2022-10-24 17:24:26 [main] INFO  o.a.catalina.core.StandardService - Stopping service [Tomcat]
2022-10-24 17:24:26 [main] INFO  o.s.b.a.l.ConditionEvaluationReportLoggingListener - 

Error starting ApplicationContext. To display the conditions report re-run your application with 'debug' enabled.
2022-10-24 17:24:26 [main] ERROR o.s.boot.SpringApplication - Application run failed
org.springframework.beans.factory.BeanCreationException: Error creating bean with name 'defaultEnvironmentRepository' defined in class path resource [org/springframework/cloud/config/server/config/DefaultRepositoryConfiguration.class]: Invocation of init method failed; nested exception is org.eclipse.jgit.api.errors.TransportException: https://github.com/simokogice/spring-cloud-config-server-repositories: Connection time out: github.com
	at org.springframework.beans.factory.support.AbstractAutowireCapableBeanFactory.initializeBean(AbstractAutowireCapableBeanFactory.java:1804)
	at org.springframework.beans.factory.support.AbstractAutowireCapableBeanFactory.doCreateBean(AbstractAutowireCapableBeanFactory.java:620)
	at org.springframework.beans.factory.support.AbstractAutowireCapableBeanFactory.createBean(AbstractAutowireCapableBeanFactory.java:542)
	at org.springframework.beans.factory.support.AbstractBeanFactory.lambda$doGetBean$0(AbstractBeanFactory.java:335)
	at org.springframework.beans.factory.support.DefaultSingletonBeanRegistry.getSingleton(DefaultSingletonBeanRegistry.java:234)
	at org.springframework.beans.factory.support.AbstractBeanFactory.doGetBean(AbstractBeanFactory.java:333)
	at org.springframework.beans.factory.support.AbstractBeanFactory.getBean(AbstractBeanFactory.java:208)
	at org.springframework.beans.factory.support.DefaultListableBeanFactory.preInstantiateSingletons(DefaultListableBeanFactory.java:955)
	at org.springframework.context.support.AbstractApplicationContext.finishBeanFactoryInitialization(AbstractApplicationContext.java:918)
	at org.springframework.context.support.AbstractApplicationContext.refresh(AbstractApplicationContext.java:583)
	at org.springframework.boot.web.servlet.context.ServletWebServerApplicationContext.refresh(ServletWebServerApplicationContext.java:147)
	at org.springframework.boot.SpringApplication.refresh(SpringApplication.java:734)
	at org.springframework.boot.SpringApplication.refreshContext(SpringApplication.java:408)
	at org.springframework.boot.SpringApplication.run(SpringApplication.java:308)
	at org.springframework.boot.SpringApplication.run(SpringApplication.java:1306)
	at org.springframework.boot.SpringApplication.run(SpringApplication.java:1295)
	at com.microservices.demo.config.server.ConfigServer.main(ConfigServer.java:11)
	at java.base/jdk.internal.reflect.NativeMethodAccessorImpl.invoke0(Native Method)
	at java.base/jdk.internal.reflect.NativeMethodAccessorImpl.invoke(Unknown Source)
	at java.base/jdk.internal.reflect.DelegatingMethodAccessorImpl.invoke(Unknown Source)
	at java.base/java.lang.reflect.Method.invoke(Unknown Source)
	at org.springframework.boot.loader.MainMethodRunner.run(MainMethodRunner.java:49)
	at org.springframework.boot.loader.Launcher.launch(Launcher.java:108)
	at org.springframework.boot.loader.Launcher.launch(Launcher.java:58)
	at org.springframework.boot.loader.JarLauncher.main(JarLauncher.java:65)
Caused by: org.eclipse.jgit.api.errors.TransportException: https://github.com/simokogice/spring-cloud-config-server-repositories: Connection time out: github.com
	at org.eclipse.jgit.api.FetchCommand.call(FetchCommand.java:224)
	at org.eclipse.jgit.api.CloneCommand.fetch(CloneCommand.java:311)
	at org.eclipse.jgit.api.CloneCommand.call(CloneCommand.java:182)
	at org.springframework.cloud.config.server.environment.JGitEnvironmentRepository.cloneToBasedir(JGitEnvironmentRepository.java:651)
	at org.springframework.cloud.config.server.environment.JGitEnvironmentRepository.initClonedRepository(JGitEnvironmentRepository.java:356)
	at org.springframework.cloud.config.server.environment.JGitEnvironmentRepository.afterPropertiesSet(JGitEnvironmentRepository.java:277)
	at org.springframework.cloud.config.server.environment.MultipleJGitEnvironmentRepository.afterPropertiesSet(MultipleJGitEnvironmentRepository.java:66)
	at org.springframework.beans.factory.support.AbstractAutowireCapableBeanFactory.invokeInitMethods(AbstractAutowireCapableBeanFactory.java:1863)
	at org.springframework.beans.factory.support.AbstractAutowireCapableBeanFactory.initializeBean(AbstractAutowireCapableBeanFactory.java:1800)
	... 24 common frames omitted
Caused by: org.eclipse.jgit.errors.TransportException: https://github.com/simokogice/spring-cloud-config-server-repositories: Connection time out: github.com
	at org.eclipse.jgit.transport.TransportHttp.connect(TransportHttp.java:725)
	at org.eclipse.jgit.transport.TransportHttp.openFetch(TransportHttp.java:465)
	at org.eclipse.jgit.transport.FetchProcess.executeImp(FetchProcess.java:142)
	at org.eclipse.jgit.transport.FetchProcess.execute(FetchProcess.java:94)
	at org.eclipse.jgit.transport.Transport.fetch(Transport.java:1309)
	at org.eclipse.jgit.api.FetchCommand.call(FetchCommand.java:213)
	... 32 common frames omitted
Caused by: org.apache.http.conn.ConnectTimeoutException: Connect to github.com:443 [github.com/140.82.112.4] failed: connect timed out
	at org.apache.http.impl.conn.DefaultHttpClientConnectionOperator.connect(DefaultHttpClientConnectionOperator.java:151)
	at org.apache.http.impl.conn.PoolingHttpClientConnectionManager.connect(PoolingHttpClientConnectionManager.java:376)
	at org.apache.http.impl.execchain.MainClientExec.establishRoute(MainClientExec.java:393)
	at org.apache.http.impl.execchain.MainClientExec.execute(MainClientExec.java:236)
	at org.apache.http.impl.execchain.ProtocolExec.execute(ProtocolExec.java:186)
	at org.apache.http.impl.execchain.RetryExec.execute(RetryExec.java:89)
	at org.apache.http.impl.client.InternalHttpClient.doExecute(InternalHttpClient.java:185)
	at org.apache.http.impl.client.CloseableHttpClient.execute(CloseableHttpClient.java:83)
	at org.apache.http.impl.client.CloseableHttpClient.execute(CloseableHttpClient.java:108)
	at org.apache.http.impl.client.CloseableHttpClient.execute(CloseableHttpClient.java:56)
	at org.eclipse.jgit.transport.http.apache.HttpClientConnection.execute(HttpClientConnection.java:274)
	at org.eclipse.jgit.transport.http.apache.HttpClientConnection.getResponseCode(HttpClientConnection.java:251)
	at org.eclipse.jgit.util.HttpSupport.response(HttpSupport.java:232)
	at org.eclipse.jgit.transport.TransportHttp.connect(TransportHttp.java:654)
	... 37 common frames omitted
Caused by: java.net.SocketTimeoutException: connect timed out
	at java.base/java.net.PlainSocketImpl.socketConnect(Native Method)
	at java.base/java.net.AbstractPlainSocketImpl.doConnect(Unknown Source)
	at java.base/java.net.AbstractPlainSocketImpl.connectToAddress(Unknown Source)
	at java.base/java.net.AbstractPlainSocketImpl.connect(Unknown Source)
	at java.base/java.net.SocksSocketImpl.connect(Unknown Source)
	at java.base/java.net.Socket.connect(Unknown Source)
	at org.apache.http.conn.ssl.SSLConnectionSocketFactory.connectSocket(SSLConnectionSocketFactory.java:368)
	at org.apache.http.impl.conn.DefaultHttpClientConnectionOperator.connect(DefaultHttpClientConnectionOperator.java:142)
	... 50 common frames omitted
2022-10-24 17:26:46 [background-preinit] INFO  o.h.validator.internal.util.Version - HV000001: Hibernate Validator 6.2.5.Final
2022-10-24 17:26:46 [main] INFO  c.m.demo.config.server.ConfigServer - Starting ConfigServer v0.0.1-SNAPSHOT using Java 11.0.17 on fc3afc0d306b with PID 1 (/workspace/BOOT-INF/classes started by cnb in /workspace)
2022-10-24 17:26:46 [main] INFO  c.m.demo.config.server.ConfigServer - No active profile set, falling back to 1 default profile: "default"
2022-10-24 17:27:01 [main] INFO  o.s.cloud.context.scope.GenericScope - BeanFactory id=5661a031-9c92-3b67-a98a-91252b007904
2022-10-24 17:27:06 [main] INFO  o.s.b.w.e.tomcat.TomcatWebServer - Tomcat initialized with port(s): 8888 (http)
2022-10-24 17:27:07 [main] INFO  o.a.coyote.http11.Http11NioProtocol - Initializing ProtocolHandler ["http-nio-8888"]
2022-10-24 17:27:07 [main] INFO  o.a.catalina.core.StandardService - Starting service [Tomcat]
2022-10-24 17:27:07 [main] INFO  o.a.catalina.core.StandardEngine - Starting Servlet engine: [Apache Tomcat/9.0.65]
2022-10-24 17:27:08 [main] INFO  o.a.c.c.C.[Tomcat].[localhost].[/] - Initializing Spring embedded WebApplicationContext
2022-10-24 17:27:08 [main] INFO  o.s.b.w.s.c.ServletWebServerApplicationContext - Root WebApplicationContext: initialization completed in 20019 ms
2022-10-24 17:27:16 [main] WARN  o.s.s.c.a.web.builders.WebSecurity - You are asking Spring Security to ignore Ant [pattern='/encrypt/**']. This is not recommended -- please use permitAll via HttpSecurity#authorizeHttpRequests instead.
2022-10-24 17:27:16 [main] INFO  o.s.s.web.DefaultSecurityFilterChain - Will not secure Ant [pattern='/encrypt/**']
2022-10-24 17:27:16 [main] WARN  o.s.s.c.a.web.builders.WebSecurity - You are asking Spring Security to ignore Ant [pattern='/decrypt/**']. This is not recommended -- please use permitAll via HttpSecurity#authorizeHttpRequests instead.
2022-10-24 17:27:16 [main] INFO  o.s.s.web.DefaultSecurityFilterChain - Will not secure Ant [pattern='/decrypt/**']
2022-10-24 17:27:16 [main] WARN  o.s.s.c.a.web.builders.WebSecurity - You are asking Spring Security to ignore Ant [pattern='/actuator/**']. This is not recommended -- please use permitAll via HttpSecurity#authorizeHttpRequests instead.
2022-10-24 17:27:16 [main] INFO  o.s.s.web.DefaultSecurityFilterChain - Will not secure Ant [pattern='/actuator/**']
2022-10-24 17:27:17 [main] INFO  o.s.s.web.DefaultSecurityFilterChain - Will secure any request with [org.springframework.security.web.session.DisableEncodeUrlFilter@257f30f7, org.springframework.security.web.context.request.async.WebAsyncManagerIntegrationFilter@3fde2209, org.springframework.security.web.context.SecurityContextPersistenceFilter@f5bf288, org.springframework.security.web.header.HeaderWriterFilter@435e416c, org.springframework.security.web.csrf.CsrfFilter@21f7e537, org.springframework.security.web.authentication.logout.LogoutFilter@353e6389, org.springframework.security.web.authentication.UsernamePasswordAuthenticationFilter@76216830, org.springframework.security.web.authentication.ui.DefaultLoginPageGeneratingFilter@1e3f86d5, org.springframework.security.web.authentication.ui.DefaultLogoutPageGeneratingFilter@1f916219, org.springframework.security.web.authentication.www.BasicAuthenticationFilter@6d69a0d3, org.springframework.security.web.savedrequest.RequestCacheAwareFilter@26c77f54, org.springframework.security.web.servletapi.SecurityContextHolderAwareRequestFilter@20440c6c, org.springframework.security.web.authentication.AnonymousAuthenticationFilter@67acfde9, org.springframework.security.web.session.SessionManagementFilter@4aed311e, org.springframework.security.web.access.ExceptionTranslationFilter@75eaba95, org.springframework.security.web.access.intercept.FilterSecurityInterceptor@281b2dfd]
2022-10-24 17:27:38 [main] INFO  o.a.coyote.http11.Http11NioProtocol - Starting ProtocolHandler ["http-nio-8888"]
2022-10-24 17:27:38 [main] INFO  o.s.b.w.e.tomcat.TomcatWebServer - Tomcat started on port(s): 8888 (http) with context path ''
2022-10-24 17:27:39 [main] INFO  c.m.demo.config.server.ConfigServer - Started ConfigServer in 65.583 seconds (JVM running for 79.937)
2022-10-24 17:27:39 [http-nio-8888-exec-1] INFO  o.a.c.c.C.[Tomcat].[localhost].[/] - Initializing Spring DispatcherServlet 'dispatcherServlet'
2022-10-24 17:27:39 [http-nio-8888-exec-1] INFO  o.s.web.servlet.DispatcherServlet - Initializing Servlet 'dispatcherServlet'
2022-10-24 17:27:39 [http-nio-8888-exec-1] INFO  o.s.web.servlet.DispatcherServlet - Completed initialization in 8 ms
2022-10-24 17:32:59 [background-preinit] INFO  o.h.validator.internal.util.Version - HV000001: Hibernate Validator 6.2.5.Final
2022-10-24 17:33:00 [main] INFO  c.m.demo.config.server.ConfigServer - Starting ConfigServer v0.0.1-SNAPSHOT using Java 11.0.17 on 597bf68fb7f4 with PID 1 (/workspace/BOOT-INF/classes started by cnb in /workspace)
2022-10-24 17:33:00 [main] INFO  c.m.demo.config.server.ConfigServer - No active profile set, falling back to 1 default profile: "default"
2022-10-24 17:33:14 [main] INFO  o.s.cloud.context.scope.GenericScope - BeanFactory id=5661a031-9c92-3b67-a98a-91252b007904
2022-10-24 17:33:21 [main] INFO  o.s.b.w.e.tomcat.TomcatWebServer - Tomcat initialized with port(s): 8888 (http)
2022-10-24 17:33:21 [main] INFO  o.a.coyote.http11.Http11NioProtocol - Initializing ProtocolHandler ["http-nio-8888"]
2022-10-24 17:33:21 [main] INFO  o.a.catalina.core.StandardService - Starting service [Tomcat]
2022-10-24 17:33:21 [main] INFO  o.a.catalina.core.StandardEngine - Starting Servlet engine: [Apache Tomcat/9.0.65]
2022-10-24 17:33:21 [main] INFO  o.a.c.c.C.[Tomcat].[localhost].[/] - Initializing Spring embedded WebApplicationContext
2022-10-24 17:33:21 [main] INFO  o.s.b.w.s.c.ServletWebServerApplicationContext - Root WebApplicationContext: initialization completed in 19878 ms
2022-10-24 17:33:30 [main] WARN  o.s.s.c.a.web.builders.WebSecurity - You are asking Spring Security to ignore Ant [pattern='/encrypt/**']. This is not recommended -- please use permitAll via HttpSecurity#authorizeHttpRequests instead.
2022-10-24 17:33:30 [main] INFO  o.s.s.web.DefaultSecurityFilterChain - Will not secure Ant [pattern='/encrypt/**']
2022-10-24 17:33:30 [main] WARN  o.s.s.c.a.web.builders.WebSecurity - You are asking Spring Security to ignore Ant [pattern='/decrypt/**']. This is not recommended -- please use permitAll via HttpSecurity#authorizeHttpRequests instead.
2022-10-24 17:33:30 [main] INFO  o.s.s.web.DefaultSecurityFilterChain - Will not secure Ant [pattern='/decrypt/**']
2022-10-24 17:33:30 [main] WARN  o.s.s.c.a.web.builders.WebSecurity - You are asking Spring Security to ignore Ant [pattern='/actuator/**']. This is not recommended -- please use permitAll via HttpSecurity#authorizeHttpRequests instead.
2022-10-24 17:33:30 [main] INFO  o.s.s.web.DefaultSecurityFilterChain - Will not secure Ant [pattern='/actuator/**']
2022-10-24 17:33:31 [main] INFO  o.s.s.web.DefaultSecurityFilterChain - Will secure any request with [org.springframework.security.web.session.DisableEncodeUrlFilter@611d0763, org.springframework.security.web.context.request.async.WebAsyncManagerIntegrationFilter@615efd1c, org.springframework.security.web.context.SecurityContextPersistenceFilter@355ce6a6, org.springframework.security.web.header.HeaderWriterFilter@2c1d57bc, org.springframework.security.web.csrf.CsrfFilter@706f6d26, org.springframework.security.web.authentication.logout.LogoutFilter@3c7b137a, org.springframework.security.web.authentication.UsernamePasswordAuthenticationFilter@391d1e33, org.springframework.security.web.authentication.ui.DefaultLoginPageGeneratingFilter@69ec93c2, org.springframework.security.web.authentication.ui.DefaultLogoutPageGeneratingFilter@1e226bcd, org.springframework.security.web.authentication.www.BasicAuthenticationFilter@3b088163, org.springframework.security.web.savedrequest.RequestCacheAwareFilter@1e3f86d5, org.springframework.security.web.servletapi.SecurityContextHolderAwareRequestFilter@233f52f8, org.springframework.security.web.authentication.AnonymousAuthenticationFilter@2a8dd942, org.springframework.security.web.session.SessionManagementFilter@3e856100, org.springframework.security.web.access.ExceptionTranslationFilter@7ddcb0dc, org.springframework.security.web.access.intercept.FilterSecurityInterceptor@7aded903]
2022-10-24 17:33:56 [main] INFO  o.a.coyote.http11.Http11NioProtocol - Starting ProtocolHandler ["http-nio-8888"]
2022-10-24 17:33:57 [main] INFO  o.s.b.w.e.tomcat.TomcatWebServer - Tomcat started on port(s): 8888 (http) with context path ''
2022-10-24 17:33:57 [main] INFO  c.m.demo.config.server.ConfigServer - Started ConfigServer in 71.663 seconds (JVM running for 85.219)
2022-10-24 17:33:58 [http-nio-8888-exec-1] INFO  o.a.c.c.C.[Tomcat].[localhost].[/] - Initializing Spring DispatcherServlet 'dispatcherServlet'
2022-10-24 17:33:58 [http-nio-8888-exec-1] INFO  o.s.web.servlet.DispatcherServlet - Initializing Servlet 'dispatcherServlet'
2022-10-24 17:33:58 [http-nio-8888-exec-1] INFO  o.s.web.servlet.DispatcherServlet - Completed initialization in 15 ms
